<?xml version="1.0" encoding="UTF-8"?>
<robot generator="Robot 7.0.1 (Python 3.12.4 on darwin)" generated="2024-07-02T14:56:15.536863" rpa="false" schemaversion="5">
<suite id="s1" name="Robo Tests1" source="/Users/kushiks/Desktop/automation/robo_tests1.Robot">
<test id="s1-t1" name="Open Test Application" line="4">
<kw name="Open Application" owner="AppiumLibrary">
<arg>http://localhost:4723/wd/hub</arg>
<arg>platformName=Android</arg>
<arg>platformVersion=13</arg>
<arg>appActivity=LauncherAlias</arg>
<arg>automationName=Appium</arg>
<arg>appPackage=com.practo.fabric</arg>
<doc>Opens a new application to given Appium server.
Capabilities of appium server, Android and iOS,
Please check https://appium.io/docs/en/2.1/cli/args/
| *Option*            | *Man.* | *Description*     |
| remote_url          | Yes    | Appium server url |
| alias               | no     | alias             |
| strict_ssl          | No     | allows you to send commands to an invalid certificate host like a self-signed one. |</doc>
<status status="PASS" start="2024-07-02T14:56:15.659898" elapsed="9.872408"/>
</kw>
<kw name="Wait Until Page Contains Element" owner="AppiumLibrary">
<msg time="2024-07-02T14:56:33.787604" level="INFO">criteria is com.practo.fabric:id/login_help
criteria is com.practo.fabric:id/login_help
criteria is com.practo.fabric:id/login_help
criteria is com.practo.fabric:id/login_help
criteria is com.practo.fabric:id/login_help
criteria is com.practo.fabric:id/login_help
criteria is com.practo.fabric:id/login_help
criteria is com.practo.fabric:id/login_help
criteria is com.practo.fabric:id/login_help
criteria is com.practo.fabric:id/login_help
criteria is com.practo.fabric:id/login_help
criteria is com.practo.fabric:id/login_help
criteria is com.practo.fabric:id/login_help
criteria is com.practo.fabric:id/login_help
criteria is com.practo.fabric:id/login_help
criteria is com.practo.fabric:id/login_help
criteria is com.practo.fabric:id/login_help
criteria is com.practo.fabric:id/login_help
criteria is com.practo.fabric:id/login_help
criteria is com.practo.fabric:id/login_help
criteria is com.practo.fabric:id/login_help
criteria is com.practo.fabric:id/login_help
criteria is com.practo.fabric:id/login_help
criteria is com.practo.fabric:id/login_help
criteria is com.practo.fabric:id/login_help</msg>
<arg>com.practo.fabric:id/login_help</arg>
<arg>10</arg>
<doc>Waits until element specified with `locator` appears on current page.</doc>
<status status="PASS" start="2024-07-02T14:56:25.532580" elapsed="8.255132"/>
</kw>
<kw name="Click Element" owner="AppiumLibrary">
<msg time="2024-07-02T14:56:33.789259" level="INFO">Clicking element 'com.practo.fabric:id/login_help'.</msg>
<msg time="2024-07-02T14:56:33.913052" level="INFO">criteria is com.practo.fabric:id/login_help</msg>
<arg>com.practo.fabric:id/login_help</arg>
<doc>Click element identified by `locator`.</doc>
<status status="PASS" start="2024-07-02T14:56:33.787975" elapsed="0.125138"/>
</kw>
<kw name="Click Element" owner="AppiumLibrary">
<msg time="2024-07-02T14:56:33.914143" level="INFO">Clicking element '//android.widget.Button[@resource-id="com.practo.fabric:id/card_button" and @text="Sign in with email"]'.</msg>
<msg time="2024-07-02T14:56:34.778648" level="INFO">xpath criteria: //android.widget.Button[@resource-id="com.practo.fabric:id/card_button" and @text="Sign in with email"]</msg>
<arg>//android.widget.Button[@resource-id="com.practo.fabric:id/card_button" and @text="Sign in with email"]</arg>
<doc>Click element identified by `locator`.</doc>
<status status="PASS" start="2024-07-02T14:56:33.913269" elapsed="0.865520"/>
</kw>
<kw name="Input Text" owner="AppiumLibrary">
<msg time="2024-07-02T14:56:34.780379" level="INFO">Typing text 'mobile.practo+consult1@gmail.com' into text field 'com.practo.fabric:id/email_edit_text'</msg>
<msg time="2024-07-02T14:56:36.444189" level="INFO">criteria is com.practo.fabric:id/email_edit_text</msg>
<arg>com.practo.fabric:id/email_edit_text</arg>
<arg>mobile.practo+consult1@gmail.com</arg>
<doc>Types the given `text` into text field identified by `locator`.</doc>
<status status="PASS" start="2024-07-02T14:56:34.779061" elapsed="1.665229"/>
</kw>
<kw name="Input Text" owner="AppiumLibrary">
<msg time="2024-07-02T14:56:36.446055" level="INFO">Typing text 'practo@321' into text field 'com.practo.fabric:id/password_edit_text'</msg>
<msg time="2024-07-02T14:56:37.223592" level="INFO">criteria is com.practo.fabric:id/password_edit_text</msg>
<arg>com.practo.fabric:id/password_edit_text</arg>
<arg>practo@321</arg>
<doc>Types the given `text` into text field identified by `locator`.</doc>
<status status="PASS" start="2024-07-02T14:56:36.444568" elapsed="0.779143"/>
</kw>
<kw name="Click Element" owner="AppiumLibrary">
<msg time="2024-07-02T14:56:37.225174" level="INFO">Clicking element 'com.practo.fabric:id/continue_button'.</msg>
<msg time="2024-07-02T14:56:37.839027" level="INFO">criteria is com.practo.fabric:id/continue_button</msg>
<arg>com.practo.fabric:id/continue_button</arg>
<doc>Click element identified by `locator`.</doc>
<status status="PASS" start="2024-07-02T14:56:37.223934" elapsed="0.615183"/>
</kw>
<kw name="Wait Until Page Contains Element" owner="AppiumLibrary">
<msg time="2024-07-02T14:56:45.749003" level="INFO">criteria is com.android.permissioncontroller:id/grant_dialog
criteria is com.android.permissioncontroller:id/grant_dialog
criteria is com.android.permissioncontroller:id/grant_dialog
criteria is com.android.permissioncontroller:id/grant_dialog
criteria is com.android.permissioncontroller:id/grant_dialog
criteria is com.android.permissioncontroller:id/grant_dialog
criteria is com.android.permissioncontroller:id/grant_dialog
criteria is com.android.permissioncontroller:id/grant_dialog
criteria is com.android.permissioncontroller:id/grant_dialog
criteria is com.android.permissioncontroller:id/grant_dialog
criteria is com.android.permissioncontroller:id/grant_dialog
criteria is com.android.permissioncontroller:id/grant_dialog
criteria is com.android.permissioncontroller:id/grant_dialog
criteria is com.android.permissioncontroller:id/grant_dialog
criteria is com.android.permissioncontroller:id/grant_dialog
criteria is com.android.permissioncontroller:id/grant_dialog
criteria is com.android.permissioncontroller:id/grant_dialog
criteria is com.android.permissioncontroller:id/grant_dialog</msg>
<arg>com.android.permissioncontroller:id/grant_dialog</arg>
<arg>10s</arg>
<doc>Waits until element specified with `locator` appears on current page.</doc>
<status status="PASS" start="2024-07-02T14:56:37.839398" elapsed="7.909670"/>
</kw>
<kw name="Click Element" owner="AppiumLibrary">
<msg time="2024-07-02T14:56:45.750012" level="INFO">Clicking element 'com.android.permissioncontroller:id/permission_allow_button'.</msg>
<msg time="2024-07-02T14:56:45.917501" level="INFO">criteria is com.android.permissioncontroller:id/permission_allow_button</msg>
<arg>com.android.permissioncontroller:id/permission_allow_button</arg>
<doc>Click element identified by `locator`.</doc>
<status status="PASS" start="2024-07-02T14:56:45.749229" elapsed="0.168339"/>
</kw>
<kw name="Wait Until Page Contains Element" owner="AppiumLibrary">
<msg time="2024-07-02T14:56:47.152934" level="INFO">criteria is com.practo.fabric:id/dialog_title
criteria is com.practo.fabric:id/dialog_title</msg>
<arg>com.practo.fabric:id/dialog_title</arg>
<arg>10s</arg>
<doc>Waits until element specified with `locator` appears on current page.</doc>
<status status="PASS" start="2024-07-02T14:56:45.917777" elapsed="1.235257"/>
</kw>
<kw name="Click Element" owner="AppiumLibrary">
<msg time="2024-07-02T14:56:47.154744" level="INFO">Clicking element 'com.practo.fabric:id/close'.</msg>
<msg time="2024-07-02T14:56:47.240485" level="INFO">criteria is com.practo.fabric:id/close</msg>
<arg>com.practo.fabric:id/close</arg>
<doc>Click element identified by `locator`.</doc>
<status status="PASS" start="2024-07-02T14:56:47.153308" elapsed="0.087259"/>
</kw>
<kw name="Click Element" owner="AppiumLibrary">
<msg time="2024-07-02T14:56:47.242016" level="INFO">Clicking element 'com.practo.fabric:id/search_bar_image'.</msg>
<msg time="2024-07-02T14:56:48.070678" level="INFO">criteria is com.practo.fabric:id/search_bar_image</msg>
<arg>com.practo.fabric:id/search_bar_image</arg>
<doc>Click element identified by `locator`.</doc>
<status status="PASS" start="2024-07-02T14:56:47.240790" elapsed="0.829990"/>
</kw>
<kw name="Wait Until Element Is Visible" owner="AppiumLibrary">
<msg time="2024-07-02T14:56:49.854858" level="INFO">xpath criteria: //android.widget.TextView[@text="In-clinic Consultation"]
xpath criteria: //android.widget.TextView[@text="In-clinic Consultation"]</msg>
<arg>//android.widget.TextView[@text="In-clinic Consultation"]</arg>
<arg>10</arg>
<doc>Waits until element specified with `locator` is visible.</doc>
<status status="PASS" start="2024-07-02T14:56:48.071053" elapsed="1.783926"/>
</kw>
<kw name="Click Element" owner="AppiumLibrary">
<msg time="2024-07-02T14:56:49.856481" level="INFO">Clicking element '//android.widget.TextView[@text="In-clinic Consultation"]'.</msg>
<msg time="2024-07-02T14:56:50.128123" level="INFO">xpath criteria: //android.widget.TextView[@text="In-clinic Consultation"]</msg>
<arg>//android.widget.TextView[@text="In-clinic Consultation"]</arg>
<doc>Click element identified by `locator`.</doc>
<status status="PASS" start="2024-07-02T14:56:49.855208" elapsed="0.272999"/>
</kw>
<kw name="Wait Until Element Is Visible" owner="AppiumLibrary">
<msg time="2024-07-02T14:56:51.626106" level="INFO">criteria is com.practo.fabric:id/search_bar
criteria is com.practo.fabric:id/search_bar</msg>
<arg>com.practo.fabric:id/search_bar</arg>
<arg>10</arg>
<doc>Waits until element specified with `locator` is visible.</doc>
<status status="PASS" start="2024-07-02T14:56:50.128429" elapsed="1.497761"/>
</kw>
<kw name="Input Text" owner="AppiumLibrary">
<msg time="2024-07-02T14:56:51.627639" level="INFO">Typing text 'Thyriod' into text field 'com.practo.fabric:id/search_bar'</msg>
<msg time="2024-07-02T14:56:51.773459" level="INFO">criteria is com.practo.fabric:id/search_bar</msg>
<arg>com.practo.fabric:id/search_bar</arg>
<arg>Thyriod</arg>
<doc>Types the given `text` into text field identified by `locator`.</doc>
<status status="PASS" start="2024-07-02T14:56:51.626412" elapsed="0.147108"/>
</kw>
<kw name="Click Element" owner="AppiumLibrary">
<msg time="2024-07-02T14:56:51.774468" level="INFO">Clicking element 'com.practo.fabric:id/suggestion_type'.</msg>
<msg time="2024-07-02T14:56:53.810972" level="INFO">criteria is com.practo.fabric:id/suggestion_type</msg>
<arg>com.practo.fabric:id/suggestion_type</arg>
<doc>Click element identified by `locator`.</doc>
<status status="PASS" start="2024-07-02T14:56:51.773681" elapsed="2.037381"/>
</kw>
<kw name="Wait Until Element Is Visible" owner="AppiumLibrary">
<kw name="Capture Page Screenshot" owner="AppiumLibrary">
<msg time="2024-07-02T14:56:58.620874" level="INFO" html="true">&lt;/td&gt;&lt;/tr&gt;&lt;tr&gt;&lt;td colspan="3"&gt;&lt;img src="data:image/png;base64, iVBORw0KGgoAAAANSUhEUgAABDgAAAlgCAYAAABtGofVAAAAAXNSR0IArs4c6QAAAARzQklUCAgI
CHwIZIgAACAASURBVHic7N11eFPXHwbw9yZpKqkbBdoChSItVrRQ3G24DxmwIYMiw4b72JBhE+CH
jAFDyoYOGzDc3YoUL6Wl7p77+yM0bWjqKSXj/TzPnpGbe889qeXmved8j2Dj3EAEEREREREREZEe
kxR1B4iIiIiIiIiICooBBxERERERERHpPQYcRERERERERKT3GHAQERERERERkd5jwEFERERERERE
eo8BBxERERERERHpPQYcRERERERERKT3GHAQERERERERkd5jwEFEREREREREeo8BBxERERERERHp
PQYcRERERERERKT3GHAQERERERERkd5jwEFEREREREREeo8BBxERERERERHpPQYcRERERERERKT3
GHAQERERERERkd5jwEFEREREREREeo8BBxERERERERHpPQYcRERERERERKT3GHAQERERERERkd5j
wEFEREREREREeo8BBxERERERERHpPVlRd4CIiIiIiIg+jD492sKppEO2+yxavvED9YZItwQb5wZi
UXeCiKioCABEAJYmqXAwT4aRgRIpqSLC4wwQECmHyL+QRERE9B+yb8cq1Pesnu0+tqUafqDeEOkW
R3CQ3hEEAcbGhijhYA+pVILnLwOQmJgEAJBKJTA3M4W9nTViYuMQGBSC1FRlEfeYPlaerrGY3TUA
1Z1igUQRYqoIQSkCynf/loiIiZdgyb8lsPlKMcQmSYu6y0RERERElAUGHKR35HID1K5RGeO9B0Jm
IMOiZRtw5vw1KJUirK0s0aNLK3Rq3xQ3bvti+c9bEBgUUtRdpo+IIACL+vmjX70wSJQikCoCKenP
4d1/ggSAEjA1SMXsFi8xq8kLvIoyRMu1VRGZyD+dREREREQfG16lk94xNzNF00Z1UN+zOpKSkzF2
ZD8Eh4QjJjYOdWpWxtiR/WBtZQEbawucPncNB4+cKeou00eijUcUNgx7CakoAnkc2CMIQCmzBNwc
cxVlFnkWTgeJiIg+kGGDe6C+Z3WMnrAQkVExRd2dT5aXpwdEpM+HjYqKxd37j3XSdmU3VyyY5Q0v
T488HxvyQvP6+dzFG5g2Z5XO+kZUWBhw0EdNLjdAieL2kEgEBAaFID4+EQqFMUqWsFc9b2CAalUq
YPbUEQgNi0DF8mVgbWUBADA0lKN4MTsAqqkrlpbmsLGyQGRUDILehhbZa9J3EokE9nbWsDA3hSAI
BWorJiYOwaHh6ilGhengzKeo6RSnKrihRHrxjTwyRCokAqAUARNBgjiRU6CIiEj/TBw7CJYWZnB2
LA7vCQv5wbWI7N62HIIgqK+pzl+8iY69vHXS9nezRudYayO3vDw9sGCWNzr1Gq2T9ogKCwMO+mhJ
pRJULF8Gk8YOglwux597/8GDR8/gVtEFVd3Lq/czM1WgaaM6mY43NTWBR7WKcK9UDqYKYzRtXAeN
vGrh3IUbWPbz74iLSyi0fo8f/QUG9esEhYkJgt6GYOL0H3HyzBWdtF/ZzRW/LJuO0s4lkJCYiN37
j2P6nFVITknRSfs5MTdTYFD/zmjasA4MDAr2J+TOvcdYu3FXoV5UCQJwf8VDWJukQDX3BIAkQzAj
ikCSEkhNzVV7UglQ1iYOj0NMcMa+Kj4Lvo8AZeEHNERE9GnLeKf//MWbWvexMDeFu1s5AIC/fyBe
+gdmud/oiQvx09JpqOLuilVLpqBz79EcyVEEMoYbuqarcCNNfkaCEH1oDDh0pHy5UujVrQ2qVi4P
ezsbSCQCIiOjEfAmGEdPXMD+Qyd1dpf6+7lj8/SH8Okzf6zZ4JPr/Us5FUeLpvXgWs4ZtjZWMJTL
0f+rKfnpaoGYGBujpocb2rRsAADw8qyOwKAQmJkp1KM0smNmqkDnDs1Q08MNEkGCsi5OAABThQn2
HDiOe75PCqXf40YOwKSxg9SPy5R2xI5NS/D9j+uw7KfNBWq7R5dWWLVkKmQyVbFLExMjDBnQFWam
Cnw9bn6B2s4tO1treFSthBrVKxW4rfLlSuHU2auFGnDcXp4WbmRBEABDqeq/pFQgOjnHNqc3eYGB
uyohWlTihJ0bar+9g2gxdwEJERFRfgwf0hNtWnoBAGo17IUXr95k2mf+zNHo3b0NAKBz7zFaA47K
bq7Ys30Fxkz8Hp16eWPvjlWo4u6KlUumYODQaYX7InJBEARYW5nDxNgYcQkJCA2NyNPxVpbmMDM1
AQC8eh0E8SNfDq2wwg19UrpUSfTp0Ra37zzC30dO5/o4Y2Mj9OvVHvU9PVDcwRYmxsaIjYvD02f+
+OfEBew5cOKDtmVjY4kvB3aDV93qsLIyR1R0LG7c8sW6TX/h+YvXue4LFQwDDh2YO30kvhzYDXK5
gdbnu3ZqgUljB2HqnJU49u+FAp2rnIszvhzYLU/HnL94M1cBR7261TB53GB41q6m/gANAEpl0QzB
T0pORmhoBBITk2BoKIehoRylnEsAAFJTlYiMikZUVAxi4+IRn5AIpVKEgUwKhcIEChNjWFmaw8TE
CK5lS2m8luiYWIRHRBVKn00VJhjUvzMAIDklBUFvQ1GyuGq1l6kTvkL5cqUxdvIPeQ67DGQyTP5m
MMZ83Q+CIEAURbx+8xb2ttaQyw3QvIknijvY4U1gcGG8LA1KUYm4+HhERcdqbJdKJDA0lGv87OTE
0FBe4FEg2fl1xCvYK/IwskUuBWykQEQikJh1YFG7lOrnRymKECQCrtlXRYWgmxpzaImIiHRp9fqd
aNPSC4IgYOLYQfCesFDjw7uzowP69GgLQHXtd+7iDa3tDBvcA5YWZvhtzXwMHDYN0+euxMrFU9C+
dSN4eXpkeVx+yOUGWLtqFmxtrGAgk+HLkbPw6rX2USW2Nlbo3KEZPmvXGNZWFpBKpUhOTsbb4DAc
PHoGv23Zm2NYITcwwE9Lp8K1bCnIDQ0wfMw8XLx8S2evh3TH3EyBnl3b4LN2jVGnVhUYyGT44cf1
uQ442rduhAWzR8OxRLFMz9WuURm9urXB11/1xphJ38P34dNCb8utogs2rVmAMqUdNbbXrVUF3Tq1
wIix83U2mpuyx4CjgLZvWowWTXIuOOhSxhG/rZ6HAUOn4sSpy/k+X+lSJfN9bFYMZDJ8P3cs+vRs
B7mB9pCmKCQmJsHv6Us8eeYPt4ou6u1JScl4/OQF/jlxAVdv3MfTZ6/w0j8QycnJsLQ0R9nSjqjg
WhoN69dEQ68asLO1Vh8bF5+ABw+fIuBN4QQBMpkUxextAAAXL99G937j0LVjCyz7fhKMjAzRo0sr
uJR2xOdDvkVIaHiu2jRVmGDNyplo3UJ11yYpORmLlm3EqtVb8e03X2LcqP6wtDCDwsS4UF7T+6Ki
YnHm3PVMdUwMDeWo4uaK8uVKwdjY6IP0JTvWpinoUiOfQZalIRCfDERoD6JMparwQyFVhTmiAOyx
rYhOIb75Ox8REVEOzl28gfOXbsLL0wO9u7fF4uUbNUZx9O7RTv3vbbsOwsLcFBPGDEL7No3g7OiA
u/cfY5vPIUyfuxKWFmZo26oBVi2ZihpePdC7W1vU96yO4UN66jTgGNi3I9q3bqQepeDoWExrwGFp
YYa1q2ahYf0amUY0uFcCmjSsjW4dW6BLn7HZTskVJALMTBVwKeOoblcXLMxNOX1HRzq0aYxunVui
cYNaMDdT5KuN9q0bYc3KmTAyMsx2vxrVK2H7b4vRqffoLEdQ6KqtpQsnqsONh4+f49adh3At6wyP
apVgZ2uNH7+fBK8W/REfrzlFvkRxO8TFJSAiMjrb81PuMeAogFlTRmiEG6Io4tTZq7h89Q7i4hNQ
2a0cOrRprP6FMTIyxOIFE1CzQc98n9PJUTNZfBschoQcRgPkVFDzfz/PRoc2jTW2iaKI5y9eIyAw
GGHhhTPaQRtBEGAgk8HISA5BEKAwMUFUtOoNRalUIiIyGtdv+WLD77tx9Pj5TMeHhkYgNDQCl6/d
xeFj59G/Twf07NoaTiUdYGgoR3JyCmLjEmBpYYbUVCWUohIJCYlITdX9KBWlUonUVCV8dh/Fs+ev
sXH1PBR3sENNDzecOrwR/b6cghu3sv9AXKa0I7ZvXKSeXhMWHonRE7/HkWPnIIoi4uLjAajqfuhy
iKORkSHkWYysSExMhM/uIxrbklNSkZSUhEZetTBx7CDUrO4GqVSis/7klSAA1xY/RoG+JMYGgEQC
hMRnekoKEQIAYyWAdy+zgswIFoIUkZyqQkREhWT7rkOoX7c6BEFAr+5tsWjZBgCqD+DDBvcAALx6
HYiDR85g746VqOzmqj5WtaKGKyq7uWLU+AX499BGODs6YNiQnti26yDqe1ZH21YNdNbXYvY26N+n
Y47XJ+ZmCuza8iOqV60IQHUt5/voKZKTU2BnawWX0k4wMTGCZ51q2PH7EnT7fFy2Izl0PeVj0rjB
qFypHAYOm/bRT3f5WJUp7YiRX/VCy2b11QsF5Je5mQLzZnprBBLPnvtj/6FTCAuPhGu5UujcvhkU
CtWNv5Il7LFw9hj0GTSp0NryrFMNtWtUBqAKN9p2Ga4e6bx3x0p4eXrA2dEB3Tu3xOZt+zWOXbJg
AqpWLo9lP23G+t//KtDXhlQYcOSTna01Bvfvon4siiJmzPsJq9fv1NivVfPj+G3NfPXIiFJOxdGr
Wxvs+PNwvs7rUMxW47H3hO9w/OSlfLUFAEu/m6ARbqSkpGL/wZNY8evWIqmmbaowQe2a7ihTyhFy
uQwVK7igWmVVQdGIyGhs33UIazb4IDg4HCYmRlkWCpVKJYiLj8fq9Ttx7cZ9fOM9AF6eHjA3M0WL
pp54GxyK+PhExMXH4/bdR4VSjyPjm+DVG/fQtssIbPh1HmpUr4Ri9jbYvW05Jk3/ETv/OqL1+MYN
auF/P81W1xt59twfvQdNwpOnr3Te14wszE1Rr251OJYolus38ojIaFy6chv/nr6MhvVroFKFMjAz
zV8qrwu1XGJhYpA5tEp7OWLG7EUQIKSK2sMQQylgLldNWckgFaqdM/4BFQDss6uExm/vFqjvRERE
WdnmcwgTxw5WBRODe2DtBh9EREajT492sDA3BQAsWrZB9aHczRVR0bGYNmcF7tzzQ4N6Hpg/0xt9
erTF+Us3sHaDD+bP9Ea7Vg3QpO1grFoyFQB0Nk1lxJe9NEbgZuUb74HqcOPK9bv45tvFeB0QhKjo
WJibKdCpfVNMmfAV7O2sUbO6G3p1a4Ptuw5l2Z4uQwgvTw9MHPMFBEHA8CE98Ou6nTkfRJl41a2O
L/p11klbAz/vBGdHB/Xje75P8FmPkRpTp3/bshc+m5eqR/A0a1wXtTzccfXGvUJpq0a19Lp0B4+c
0Tj+r33H1cVZ3SuV1Th/t04t0bJZPQiCgIrly+T9i0FaMeDIp36926vTPAA4e+FGpnADAI4eP48j
x87js7bpIUKN6pWyDDjsbK0RHBKW5XnTpj+kefLMP69dV2tYvwb69mqvfhwXl4BvpizGrj1H891m
QQiCgLIuTlj2/eRM6W5iYhKuXr+H1et3IjwiGjWqV0JxBzsc+/ciomM0a0HIZFKUdi6Jmh5uuHT1
Di5dvYM1G3xQvlwp2Nlao3y5Upg99WsAQEJCIg79cxZfjZpdKK8nI/+AIHToMRK/Lp+BTu2bwlRh
gpWLp6CcizMWLl2nfkMWBAGD+nfGglmjYSBT/YpevnYXXfuORUJCYqbz6FqtGu6YMDr9YiM3EhOT
MHnGMuz48zCiomMRH59YpAHHb2PSfy9EERAkwJp/rPHrEVsER8ogtS0G60YNIC/rAoWNLfymToKT
TQomd32Lz2pHQpIhGxHM5BCjk4DUDGvUJ8sgFQSNxVgAoJgggyEEJLIWBxERFZK1G3wwb8YoWJib
ol3rhvhj50EMG6IavREVHYuDR85g+BDVaOHpc1dim48qDLh7/zGc3gUjXp4e6u1pozzSAgVdKFPa
UV0QNSY2DqYKE637FbO3QbPGdQEAIaHhWPnrVo0aB1HRsdi8/QBcyjjBe3hfKBTG6NiuCXb8eRii
KMLO1hrVq1ZQ38AwMJDCQJ7+8aZypXJISUkfWRkdHYPL1+7mKgSxMDfFprUL1Ndz82Z44+yFG7hz
L/c3APv0aIve3duqH4uiiM69x+T6+P8ipVKJe75PcOzfiyhX1lnjM1JutG/TSOPx4uUbM9WFu3HL
Fzv+PKwe1SSVStD5s2aZAg5dtWWW4fcmMChE43j/DFOyMl4bW1qYYfrkoRAEAS/9AzHvh9XZv3DK
NQYc+VSpvGYiffzkxSz3vX7zvsYvr72dTaZ92rRsgKXfTUAxexs8e+6PoaPnap2+YJ+hnkRCQmKB
KvJO/maI+gM0AMz9fnWRhRsAIJEIMDY21AiOAFVB0YePn+PXdTsQ8CYYJUvYo3vnlqjs7ornLwMy
fZ0UJsZo0rA2Bn7eEVKpBH/sPIgr1+5h87YDGDm0NwwN5ep9pTJpodWuyPjmmVYYNCkpGV+OnIXr
N30x89vhkMmkGDeqP9wrlcWXo2YjNSUVc6aPxJcDu0IQBCiVSmzaug+TZy5TF3uVSiWFMqUmzfuF
P5VKJYJDwhEYFIKExCQYyGSws7NCMTsbdWFdQ0M5ypQuCSsr80LrV24JAmBtnAJRBB4FGeKzBWUQ
lSCF1NQMTl8MgItjcUAUVcGHIMD45TMkpUjwJEiOob86QljtCFeHBPw1+QVsFSkQBEAoYQrxefpU
reN+VphgWjJTiCUIAtoYWWFvQtYhJRERUUFs8zmIiWMHqWtsiKIIp5Kqu9Cr1+9EZFQM3Cuplop9
+Uqz3kVaHQlnx+J45a+5Cssr/zdwr1QOzk4OOJf1ZW2uDB3UHeVcnBEaGoHAt6GZ7lyncSnjiFJO
xQEAfk9e4uSZq1r3O3X2KkYN6wNBEODkqJp2nJCQiG+/GYyBn3fKsh/fjh+i8fjV60D07D8Bj5+8
yPE1/P6/7zLV8Ni09js0azc41/USnByLc2lVACmpqbjn+wQnTl2Cz+4juP9AFWIt+2FyntvK+Bks
LDwSBw6f0rrf/kOn1KEEoLqBV1htJSenr8D3/ucYczNT9b+TktPrx8yYPAxOJR0giiLmL1qTKVih
/GPAkU+Bb0M01iC/ffdRlvumpmrOyX+/uAwATBg9UD06o0xpR4wd2U/rUl12tlbqf4eGRea532kq
u7mq54oBqhEC6zb9me/2dCE1VYkXLwOw868jaN+6kXoUR2RUNE6cuoQz568DAMIjonDg8Gk88nuB
Fy8DMrUTH5+Iy9fuwNBQjktX7wAAgkPCsHv/cbRo6omq76a8JCYm4eadh9h38GShv7Z+vdrjyXN/
nL94E6Io4ue12/Dg0VOsXTUbFuamaN3CC//sW4vw8CjUq1sNgGpEzdTZK7B159/qsKSymysG9++M
b6YsLtT+pp1PqVTC7+krbPM5iL0HTiA0PBJGRoZo0cQT/Xt3QLUqFfJdUDQhIRFvQ8IRGaXbokpO
NklIVArwmuKK12EGEKQSuE4cB6mNKhwUAUAAREFE+RLFcXzZSo3jRRF49MYIlcdWQF3XOOye/BxS
iBpTVZacdsZRhZ3W88+xcGLAQUREhSYyKgbbfA5i+JCecHZ0wPyZo9XPbfc5CEC1ikp9z+oYOqg7
zl5QXT9ZmJui3bsaG2cv3oCTY3GNdrMKRfLKvVI5dP2sOQDgwpVbGsXe31exfBmYmKiuI6KiY7Mc
qXr95n0cOHwaVpZmCA4Jh4FMhgQk5liH7n1JiTkvBQ+o6m5oCyacHR2wcvEUDBg6NU/n/dRt33Uo
22lFuVXLw10jQND2OSDNxcu3kJSUrL4ZlxYCFkZbz56n33Cu6eGm8Vzd2lXU/04LFevVrYY+PVVF
gY8cO4e/9h7L8tyUdww48mnm/J9zvW+1KhU0HmurbWHw3uolhlksOWtjkx5wpE1l8axdFdWqVICR
kSHCwiJw/vKtHOs09O7eRqMIZNqUmXatG8KzdlVYW1kgJjYOT56+wp97jyEsPP9hSl4EvAnGomUb
8DrgLeZMU00jiYqKwdUb99X7xMUl4OSZK1kutZSUnIzbdx9lCp3CI6Jw6eoddcDx/GUAZi/4BVeu
F37NBFtbKyyYNQbzF63Buk1/QalU4vjJS+jQfSR+Wz0fZV2cNObevQ54i2Gj5+DildsAVCMDOrZr
gmU/TMb1m/ezOo3OpI1MCAmNwKrVW3HwyBmUdXFCg/o18CYwBEePn0dIaDimjP8yT1NZAFWdlzdB
wbhx6wH2/f0vLl6+DSMjQ5ibKRATG5dlXZXcauIegzLD3SCKgKJ0KbiMGvFuwohq1EZaeONkZwtA
RHxwSJZtXXpsAsev3HBv5UNYWxsBEYlIVQowirWAJIuBP2aCDDJBQAoLkRERUSFZu8EHwwb3gCAI
6tob23cdwkt/VTjxw7IN2LtjJdq1boiThzbg7IUbaNdatZpKVHQstvscxKRxgwEAh46e1ahD8P7I
jrwaP3ogbGwsERoWieU/b8H8md5Z7lvKqYT6msP/dVCW+0VFx2LQ8OmZtr989QaXrt5BaoZpKPb2
1ijn4gxAdQMvJcNd89i4+FyNvjh34QY6Xci6DglXVSkajiU1F1sIzeHzSWRUtDpgs83wGUrXbR04
dAqBQSFwKGaLti0bYMmC8Th74QbcKpZFv14dAKhu7P255x8AwPwZ3pAbGCAiMhrT5/2U7Xkp7xhw
FDLHEsXQsll99ePY2Hj8qSWlW7vBBwvnjIWJiRHCwiOxZsMure3ZvCs4CQDW1pa4dmYHSjmX0NhH
qVTi+i1fLFq2IcslaatVTg9dUlOViIqOwcV/t6rfEDKaMuErrFq9Fct+2pz9i9WR2Nh4jaGDSqUI
A5kUlSrkXKgKyLq4lEJhrF6RBQBiYuLw4NGzgnU2G+9PXzAxMcLc6aNQzsUZ385aDqVSCd+HT9Gh
xyisXjEDjRvUAgDc8/XDgKHTNJLk8d4DMX7MQI0pRYUp7Wt4+dod3L77GE6OxTFp7CA0blgbERFR
mDHvZxz+5yzu+vrB3a2cRr+Sk1MyjVoCVD+XIaEReOT3HDv+PIzD/5xDfEIiitlZo2H9GnCrVBZH
jp3PcWWZnPx+SvXmU6J9G9i3aKYKN0QRIoR3c3RFCBBgaGCgEXhkRSkCbt4VcHKeHyoaSPA60gD7
bStluX+iMhXWggxvxdzdJSIiIsqrl/6B2L7rMPr0SK/vsHq9j/rf5y7ewPS5qzBvxihUdnPVqLPh
Pf47vPQPxOr1PnB2LI5tuw6ql5h99TpQHZLkR+0alVH/3UjUsxeu49adh9nun5JhydeY2Lg8n2/d
pj+xeXv6qhRGhob4fe0C9fXs6nU7cCzDNPLUVCUSczHqQ5dL5ZLumJlq1nLJ6XuZmJR+LSaVSmBp
YaYOuHTZVnJKCmYu+Bk/LZkKudwAX/TrrFFUVRRFLF21CS9evcE33gPUN79Xrf6jQOUGSDsGHIVs
/ixvjYJNf+07pnXZ1q07/8axkxdRzsUZ93z9tKbLxextNIZSZUzbM5JIJKjl4Y4t677HtLkrsXHz
nkz7uJZLDzKkUgl+XjpNPezqfeZmCkybOBRWluZ5GrmSVxKJBOZmClSs4IKO7ZqotzsUs8WEMV/k
qu5EWqig7UOrIAgwzfD1s7e3RufPmuH02asICg7TeQHPjH1I+6dMJsXgAV1QrUoFdOo9GgkJiQgO
CUPfwZMxe+rXKFO6JAaPmKEexSCXG2Dz/xaiWeM6Ol/2LDtp53ry9BWCQ8LQrVMLuFVUBRl2ttao
4l4OZy9cx/MXAQgPj4K9Xfrw0yfPXuHOvceQSCSwtraAVCJBeEQ0Xvm/wZ4DJ/DXvmMIDg6HtbUF
6tetji4dm6ORV02EhkXg8rspRQXl2LEd7Js1BQB1uU8RgCio/lHy3XQVQRCRm3qgIoAmM8rh4rwU
nPVpjg7ZrIArSAQoBCkABhxERFR4Fi/fgFfvChhGRcVkGiG8ev1OHDxyGu1aN4K5uSn83y0fm3aN
eff+Y3TqPRqiKGLyu9EcaYVH82vmt8Nha2OFsPBILPtpc443ETIuz5mxRlpupaYqNUZ+pqYqoVSm
nzMpOSVfI0MnjRusDmre98o/CN4Tvstzm1Rw70+Lzvi91ub95y3MTdU//7psCwD+2nsMUVGxGD96
ADyqVoJMJoUoinj4+DnWrN+JzdsPqJbLHdoHgKp46YpftmR7TsofBhyF6OuvemkswfrqdSC+W7Iu
y/2D3oZqDT/SaBtdkZSUjKfP/ZGQkAiHYrYay8jK5QaYO20k7vs+UdeiAFS/0DbWlhrtyOUGEEUR
d+/74elzf1iYm6JurSoav/zDBvfE6XPXcezfC9m/8HyyMDdF144tMKDvZ+p5oIBq5EPGx7riVNIB
c6ePxLETF7Fhy25cuHRL5+dI8342UdPDDbfO70KrTkPx4tUbJCYmYersFQDSgxEbG0v8s+9/WQZZ
H4JEInlXIFUzsJHL5ZBJpZDLDSCTSTWOOfzPWdy774d2rRuidQsvmJgY4cy56/hr3zE8e/EalhZm
8KxTFW1bNUSHNo1RoriqlkVoWIRO+mxcvBhKtGyeYeQGIIqCuv+iIECmnp71LvHIBRFAj9nVcdRW
e+2NjCQCp6cQEVHheukfiEXLNuS4j7ZV/tKkvTc2bjMIw4f0xLZ3NTzyo22rBuppwKfOXsU9X798
twUAC+eMRRV310zbw8IiMfKbBZlW0dOlNet3YtjgHurpPxk1bTe40M5L2SvozT5Bkn6HSpdtpTn2
7wUc+/cCDA3lKO1cAq8D3mqMTFow0xsW5qZISkrGDE5NKTQMOApJ21YNMG3iUPXj5JQUTJ6xLNsl
YHMS9DYUf+w8iGpVKqC8aymcOnsVk6Yt1RhK2Lt7W8yf6a2u+mxsbIQxX/dD38HpVYpLFrfP9Esd
EhqO8VOW4O8jp9Xb3CuVw2+r56FMaUcAqpEe3sP7FFrA4VDMFv16d8gUZsTHJ+Dpc3/ExMZrVTu5
XgAAIABJREFUPc7E2AhlyzjBxMQI0TGxuP/gqdY/WlKJBLa2Vupq3YBquabmTT0RFhFZqAFHRmnL
pdnYWOL0kU34etx8HDx6RmOZ2Hp1q2HTmgWwslStShIXl6AuwvUh2dtZw8xUgTv3HuPh4+cwM1Mg
NjYOt+8+RHxiIpwdHTSqQwOqUMQ/IAhrNvjg4JEzkEglCHobCgOZDFXdXdGxfVN0bNdUHWzoWvkv
BkIikQCiqpCo+O7/eDdYw8Qw/W6RKCpV6VMu6mVYSWQ4alcRArJ/QxShRBLzDSIi0jPZBSE5kcmk
GDm0DxQKY/g9fYmlKzflainW7FRxKwfP2lUzbX/+4jXMzRVZBhzSDDde8vsZNjIqBgO+moo921do
XFPOmLdKY5nYSeMGa1xDnLt4k9NbCImJSXj4+LnGtm6dWqJls3oAgM3b96vr7JHuMeAoBJ61q2LV
kqkaQ+2WrfodR4+fL1C7fk9fYvTEhQCgMe8ro+27DiEhIRHrfp6j3takYW2YmynUyw/ZWFtkOu7r
cfMz1eu45+uHsZMXYfe25aoPjADq1qqK4g52eBMYXKDXok1CYhJevApAyRL2UJgYq79+r14HYeK0
pbh8TXsx0Irly+DX5TNQxd0V9x88RftuX2vdz8rSHP37fIaZ3w4HoKoJERefgKC3IXgd8Fbnrycr
PfuPx7RJQ+Hl6QGFwhjrfpmDFb9swZIVv0GpFDHw845YMGs05O8Kz97z9cPwMfNw5uimD9bHNPU9
q+PEqcs49u8F/P7HPjx59gqPn7zA+Uu3UKNaJVRwLZ1pBEcp5xIwMpQjMCgEAYFv1VOLylZyQr/e
n6F1Cy9YF+JysqnxcZBAAgjv6m4IIiAK6rDDQmNZYCFXAziKSQxwys49y3BDFJWqZwQJBAiIVKZo
3Y+IiCi/9u1YBRGq0bbT567SCBD69GiL3t3bauyf8fm0Y/r0aIte3dpke57OvcfkuW99urdFZTfV
DaqTZ65k+nCXlfj49OnB79dACAmLSK9HJgiwsbaAqcIk2+AkOTkFu/cdx83bD2AoN8D1m/mv63Xu
4g0sXvEbJo0dBEA1QjVjnRMA6ufSLFq+kQEHZWJupsD0yUMhCAJe+gdiwaK1AFSj83t1awNnJwck
J6fg8ZOX2LLjAEJDdTOq+VPFgEPH3Cq6YN3PczTWzd64eQ8WLd+o0/NkVwF6z4ETmDh2ECq4lgag
mn7StFEd7P37XwCARJp5SFVWxUjPXbyBe75P1EMEZTIpGtavgZ1/HSnoS8jk9esgLF7+Gzq1b4oK
5UujZnU3OBSzhcLEGBVcS2cZcOSWubmpesWPxMQk+D19iavX7+Hm7Qf4+8gZXbyELGV8Lw6PiEa3
z8dh8rghGDeqPwxkMoz3Hogqbq4ICYtA3x7t3k0LEbHN5xAmTFsCk3wuxVpQTiUd0K1TC8TExuGu
rx9u3PaFTCZD2TKO+OLzTloLv3Zq3xRentVx5vx1nDl/HU+fvUJUdCzu+fphzQYfxMXHo2H9muog
S9e1RcJv3YFVxfKqkRuAKtyAKuyAkHlIotTIEKkJWc/P7W1sg9nmTln2U5mqCjMEQQIIgIlggGgx
53oxREREeVHfszoAaA3bnRyLa13WNI1EkKj3a1Cvhk77ZW6mwOABXWGqMEFYeCQMDQ0xd/oo9fNm
pum16Pr3/gwd2zXFzr+O4MYtX40V/WxsNKdPfz1uPkwVqkKQ5co648eFE7VO185IqVRi3aY/dfGy
AACLlm2Al2d1ODsVx6jx3xV4VAoVTEpK5iL2eREfn369p8u2cjJrygg4lXSAKIqY98NqREXH4hvv
AZgw+otMNRBHDu2NyTOWYff+4wXq36eMAYcOOTs6YNOaBRp1MPYfOoWJ05d+8L7c932iDjgAwClD
HYeEBM2EPG1kR1aevwzQmAP5/rJKupKUnIx7vn645+sHO1trjPiyJ0aP+BxWluZoUL8GDh87n+8p
PnK5AVxdnFGzumpt6jeBwVi4dD0O/3NWly8hS+9/Nk5JScXCpetw8/YDrFk5E0ZGhmjdwkv9fNrc
vE1/7EVKSmqRBRwA0Kp5fVSq6II7dx8jPDIK5mamqOJWDiVLFtNYPUWpFNUFmNwrlUPTRnVwz/cJ
tu44gNPnrsH/dRDuP3iCWQt+QZ2aldG1U0vUruEOZ8fiOp1+E3j+Isr27p4+8+Td/1W1ODT3FQQB
dpXdEXj1WqZ2bCUyHLFzh6mQdUXR1KQ4CJAAEqmqnAdEnEmMhJjLuh5ERES68Mr/Dc5fvAkAqOzu
qi5wn7btznsFSAHVCNHIyIIvdVqnZhX16A1rKwv0790hy317dm0NQLVk5s3bD/DsxWuIoghBEOBa
tpTGvnFxCeoCodZWFkUWLgwcOg1Ojg65Wl6WCldcvOZ0dYP3RhG/T26Q8TpVqVHrUJdtZade3Wro
01O1StHhf85h977j6NOjLaaM/1J9Q/OR3wsYGxvB2dEB1lYWWPbDJDx97p/jKkSkHQMOHbGxscTm
dQvV9SoA1fJYw8fMLZL+xL+3IohCkb4UUmBQiMZzoaHh2bYVEqL5fH6qXOeVUlSqVzUxMTFCI6+a
6N+nA35euz1Xy3tlJJVKUM7FCYMHdEHJEvYAVFW2db1qSna0vScrlUr8feQ0GrX5Anu2rVTXpIiI
jEbvgRNx7eb9InkzT0pKyZRqO5V0gFPJrIudJiQkIiw8ItP3xr1SWcyaMgKXrt7B7n3HcOX6Pfi/
DsLZCzdw+dpd1K1VBZ/3ao/aNavk+fualdSkJEgFAeK74qgQRYjqsCPz17PqgL4aAUdVAwX+Z1UW
5oIEkixGbSQlxACiEoIghermkwgRSghKCeZEvdTJ6yAiIsqtbT6H1Cug7NuxSj3ao2Mv7yyPmTp7
pU6mU8QnJOKlfyCSk7WvHmZpYQZbGysAqtXZZAYyhIVHQhRF3H/wBKFhEbC1sYLCxAguZRzx5Omr
AvdJlyIioxlufCRCwyI1HptlWKlSG5MM05Lj3htxocu2sjN/hjfkBgaIiIzGjPmqwqLDh/RUhxvf
zlyO9b//BQD4ceFEDOjbEaYKEwwb3ANfj5uf6/NQOgYcOmBsbIRNaxZoFMe8ffcRvhg2XWcf2gBg
5NA+MDRUDWOKi0vIthiUvb21xuPoDKM03gQGIzQ0Qj0UsLiDHQxkMiSnaK8bkHG6DQBERETlq/+5
ZSCTwbVsKbRr3VC9zc7WGj27tsbV6/dw+drdXIcTUqkExext0LZlQ7RqXl+93d7eGp3aN8XN2w8+
yJtWdrMwnj7zR/3m/fDHhh9ga2uFdl1HFOkb6fMXr3Hl+l2N9b61yRi+vH4dpP6+KEyMYZAh5TY0
lKORV03UrVUFl67ewa49R3Hxym28DniL0+eu4dadh2jWuC5qVHdDVJQOKqKLIiIfPIaVWwXV1JQM
SwdrC4yMrCww0cgafc1LwkSi7U+iqnZHSkoiEuOjIQEgkUghkUjfBSZK1TQYUfV9fpyS9+XoiIiI
9NWFy7fQ/8tvs3x+2feT1QHHsp834/bdh/B7F2Lc832CFy/fwNbGCu6VyqFNiwb4ee02re1IshlR
+V+T9uGXNL2/FHIxe5ss91UVwk8PLV5lWJRB121l5RvvAahWpQIAYMUvW/D8xWsYGspRsbxqivcj
vxfqcAMAZs7/Gb27t4VcbqBekYjyjgGHDqz/eY5Gleenz/wx4KupOv+QOmRgV/WSoUqlEgcOnYJ/
QJDWfctmGEkCqAqUZnTn/mM0aVgbgGoN8k4dmmHXnqNa26petYLG4xu3C3e4lJWVOdq08EJlN82l
wZxKOuAb7wFYu3EXrly7l+N0FbncAOVcnNC2ZUMM6NtR4zkzUwUa1PNA3dpVceTYOZ2/hvfl9B4V
ExuHzn3GQBCgLspZVPyevsS3M5fn+TiFwhjubuVQo3ol9eovGaUFHdWqVMCJU5ewe/9x3L33GEHB
Ydi9/zgOHj0DpY5e+42VP6H5mlUQBEn68rCAOuzQIAg40aUFam74AzJBBkOJFAZSOWQSCaSC6j+Z
VAqpRPZu2VypOiwRRFX4IUAERCXWxoVkbp+IiOgjtHfHSq3bbUs11Lo9K0qlEvcfPM3y+Yw30F68
CtDYNyEhEVt3/o0K5UvDVGGCgX07IiY2Dj67jyAuLgEymRSWFubo2bU17OzSb97ltKKZvmO4oV3A
m2D4BwTBsYRqunxp55JwdnTQWFEyTfOmnhqP/d4bGaTLtrQpU9oRI4f2AQBcv+mLVav/AKD6PJNW
e8b/tebnuJjYOAQFh8KppEOmG8yUeww4CuiXZdM1RgYEBoVg4LBpWQYPObGztc7yg/t9Xz91wCGR
SOA9oi8mz1iWab+eXVtrTJWJio7FqbNXNfbZve+4OuAAVAVt9h44kWkUx6D+nTXaCngTjIuXC385
1eTkFIRHREGpFBEZGQ1DQzkcitmiQb0aqOBaGpv+2Ie/9h5DVHQsFApj9QgJqVQCK0tzmJsp4Fq2
FAYP6IJWzetDFEXExSUgMCgEMgMZLC3MEBkVo9MRNu8r5VQc40b1B4BsC3+lUSpz9+FeW7spKalI
VRasWFJuuZRxhK21Zaaim2VdnNCxfVPUqF4p2+MtzE3R5bPmaNa4Lk6cugSf3Udx685DhIVFZjmK
KK/ElFTEvAqAubNjeg2ObJaDLdG2Jf637U8MT0xBKkRIlSlIFaSQCIAIAUpRhORdqCEKaRU2VKVL
laIIqaD6/4+xb3TSfyIiok/F73/sQ/261dC9cyu4lHHE3Gkj0a9Xe0RGxcDIyBCmCmP1Ta+Y2Djs
3n8Cr98U/up3Xp4eqF+3msb1jq4XDQCgrkFCuXPx8i1079wKgGrxg2FDemLanMxhXY8urTUeHztx
oVDbet+Cmd6wMDd9V1dvlXp7Smr69bpEkvn7LpWoaoEU9Q1PfcaAowDmz/RWF0sCVNNGZsz/CRKJ
RGO6ijbhEZEIeJO+1Gqblg2w9LsJKGZvg2fP/TF09FzcuKW5tNU2n0No3cJL/UdwYN9OiIqKxYpf
tiAmNg4A0L51I8ydPlLjuP2HTmb6IL91598Y8VUvVCxfBgBQxd0VW9Z/j0nTl+LFK9WHtN7d22L6
pGEax23fdSjHr0tBhYZFwGf3EcjlMiQkJuHKtXtwciyGEUN6waWMI+xsrfH1l73RwNMDt+89RlR0
jLrKtp2NFfr17oDqVSuiloe7uuZGfHwiTp+7it+27oOlhRlqerjhydNXuHT1jk77npScDL+nL1HO
xRllSjti2sShOm0fgNZ23wQFIzy8cKcOpRnzdT/1Si8FkRZ01KrhjoNHzmD3vuO46+uns9ooF+cs
QJuNqwGkD/MURe19FiQSCMsXYr/3t+icIkIpqAINpQhIhHfBhpg2FUU1WkNUChCgBKSqUSLdI5+w
tCgREemN7bsOab1brWu5uV4YPmYeAKBdq0ZQKIzhUS3zzZLQsEis3eCDpas26byP2njV88i0DOzi
Fb/pfHQFw428+W3LXnTt2AISiWoUxKB+nREcEo7lP28GoFrVZ870UahTs7L6mKC3odi1959CbSuj
bp1aomWzegCA37ft0/i88fzFayQkJMLIyBBlXZw1ygTY2Vqrp8qEhnGp2PxiwJFPzRrXwbDBPTS2
mZgY4X+rZufq+M3bD2Dc5B/UjyeMHqj+gS5T2hFjR/bDwKHTNI75+8hp7Nl/Al06NgegShrHjeqP
oYO6401QMEwVJhoruACqERffL12vtQ9TZi3H1vU/qFewaN6kLi78uxUBAW9hamqini+Z5u79xx/k
TSU1VYlHfi8wa8Ev6m22NlYoXswO33gPAKD6WnvWqQbPOtU0ji3lXAKzpozI1GZgUAh+27oPx/5V
Ja5ZTccpqLi4BEyYuhRb138PhcI45wN0ICkpGfN/WIvwQq6Nkub5i9fwe/oSJsa6eX0SQYJ2rRsi
JSUFwSFh6oCtwEQRpydNR5PFC94VHBUhCFCNxtByMWFsY4MTjeoi4OxleCcrIRElEEUllKIAybvR
GiLe1fEQAaUgQoBqmsqF1Hj4pn64orVEREQFtc3nkE6KjObkxi1fKFOVkBlI8eJlQJb7DR8zD21b
NUDPrm1gZ2MJO1trJKek4E1gMF75B2LD5j2Z6iZ8aIUxdUTbCA7W4MjaxSu34bP7KHp1awNANSV9
+qSh8B7eFyEh4XAoZpvpGvyHZRu0jtrWZVsZBQaF4NrN+7Cztcb8H9ZqPW+ThrXh7OiAX1fMwLQ5
K2FkKMfCOWPV01fOXrie+y8KaWDAkU/mZqY6TVwNDDTXQDZ8b03kNKMmfAcDuQwd2jRWb1MojLWu
Cx4YFIKh3rPxJjA403MAcOb8dYwavwDLF32rLpwjNzBA6VIlM+17/8FTDBoxs1CndGRHIhE01olO
Sk5GWFgkDGQyWFqaq/8YiKKIxMQkRERGw8DAADbWFhmO/zA/7mcvXEfZqm0hk8m0/ozk52sYGRUD
p4ottT6XmpKKpCwqlxeGLdv/xj3fJ7C3tc705pvf34mExCTcuvNQY1STLsS9Dcbdjb+jyuCBwLtV
VZRKERJp5n4KAuAxbAiOP/LDueBgbE8RIcW7qSnvpqAIoirUUEIJCVTthYgp+DKaK6cQEdGH4ejo
gIljvtDYlp/RGL27t4XXu9VWMtL1NIzpc1flvNM7h46exaGjZ2FhbgqFwhiJScmIiYkrsuvPD0Hb
tRPDjexNnrEMxR3s0MirpnqbhbkpLMxNNfYTRRG//G87fv9j3wdpK825izfQpvNwODs6qEfZZ/TD
jxtQu0ZlKBTG6NyhGTq1b6rxc/DSPxCrVmsvtks5Y8DxkVi7wQcL54yFiYkRwsIjsWbDLq37JSYm
4Yth09GvVwcM6t8ZVSuXz/SHMSw8Eof+OYsfflyf4wfGfQdP4sGjZ5g2aSiaNqyjHs2RJjgkDD67
j2LRso1af0E/FKlUCmNjQwCqr8H1m744cPgUbG2s0Kl9U7iUUdUJiY9PxKWrt3Hs34uwt7NGjy6t
UaK4HSRSKYyNjLI7hU6lpKRmWmq1IERRRHwelqQqTMEhYTh6/HxRdyPXXp48C4hAtS+/UNfjyIog
EdD8x4U4O/d7dHrshzYQMQ4SSERV2IG0Ghyi6t8vxRR0jPH/cC+GiIg+ec6ODpg0brDGtnMXb+Y5
4OjTo63W7YVRZyKvIqNiEBkVU9TdKBTvj85gDY68i4mNQ9e+YzFh9Bfo16eDulBomrQliFet3pbj
qG1dtvW+rH4nr1y/i4HDpmHBrNGo4Fpa/f0XRRGXrt7B+CmLc1xMgbLGgCOf9hw4gT0HTuisva07
/8axkxdRzsUZ93z9clyBZcuOA9iy4wCcHR1Qq2Zl2FhZID4+ES/93+D0uWt5OvcjvxcYOHQarK0s
ULd2FRR3sENSYjKevwz4aIZHxcTE4fpNX9Su8QgBb95ixS9bceX6XVhbWSA2Lh7TJ6lqUrx+E4Rl
P2/G+Ys3YWlhBv+AIAzs2xHPXgTg4ePnRfwqqKi8PHUWoQ/90Gzxd5BIsr8rIggCGsz8Fk/+PoLD
231wGClwFCSYIZqimiBVjd8QBfyVkojvksJQUiKHuUSKZkYW2BoXggilbgqlEhER0X+Prka//heM
m/yDxpT9vFqy8jcsWfkbanm4o1KFMjAyMkRYeBRu3nmAJ7lY6aSw2sqNk2euwKtFf9SrWw2uZUtB
marEnfuPcetO4a5W+SkQbJwbcAwU6QW5gQFsbS0BQD0yRW5ggPqe1bFi0bcwNjbE5at3MHri9wgL
jwSgWgK3mL0NoqNj1dvoEyYIaDBjCqxcXXJ3QSEIODxiDJKiVIFj2hHv/9GUqEeGCBBZapSIiApB
g3o1snzuzr1H6hEPVdxdYWGuWmLy/RtVzo4OcHYqke15PpabW0VN29fq/a/N+9+Tl68CNO7a56YN
L08PjWuSyKho3Lmnm1ojIS/O6KSdjPK6jDDRh8aAg/SejbUF2rVqiFLOJXDq7FWcOc83ZsqeRCZD
jRFDUaJuzRyHhopKJRKjYnByygwkRf83h8sSERHRf8/Tu4fVdfZ0ISo6Fi6V2+isPaLCwICDiD5d
ggCZkRHsKrvBroo7TOxtITWQQ0xNRVJ0DEIfPkbQtRuIDwtjwS8iIiLSK5PGDc601G1BLFq+EYuW
bdBZe0SFgQEHERERERHRf5CXpwe86nkUuJ1zF258kGWFiQqKAQcRERERERER6T1JUXeAiIiIiIiI
iKigGHAQERERERERkd5jwEFEREREREREeo8BBxERERERERHpPQYcRERERERERKT3GHAQERERERER
kd5jwEFEREREREREeo8BBxERERERERHpPQYcRERERERERKT3GHAQERERERERkd5jwEFERERERERE
eo8BBxERERERERHpPQYcRERERERERKT3GHAQERERERERkd5jwEFEREREREREeo8BBxERERERERHp
PQYcRERERERERKT3GHAQERERERERkd5jwEFEREREREREeo8BBxERERERERHpPQYcRERERERERKT3
GHAQERERERERkd5jwEFEREREREREek9mZ9u5qPtARERERERERFQgHMFBRERERERERHqPAQcRERER
ERER6T0GHERERERERESk9xhwEBEREREREZHeY8BBRERERERERHqPAQcRERERERER6T0GHERERERE
RESk9xhwEBEREREREZHeY8BBRERERERERHqPAQcRERERERER6T0GHERERERERESk9xhwEBERERER
EZHeY8BBRERERERERHqPAQcRERERERER6T0GHERERERERESk9xhwEBEREREREZHeY8BBRERERERE
RHqPAQcRERERERER6T0GHERERERERESk9xhwEBEREREREZHeY8BBRERERERERHqPAQcRERERERER
6T0GHERERERERESk9xhwEBEREREREZHeY8BBRERERERERHqPAQcRERERERER6T0GHERERERERESk
9xhwEBEREREREZHeY8BBRERERERERHqPAQcRERERERER6T0GHERERERERESk9xhwEBEREREREZHe
Y8BBRERERERERHqPAQcRERERERER6T0GHERERERERESk9xhwEBEREREREZHeY8BBRERERERERHqP
AQcRERERERER6T0GHERERERERESk9xhwEBEREREREZHeY8BBRERERERERHqPAQcRERERERER6T0G
HERERERERESk9xhwEBEREREREZHeY8BBRERERERERHqPAQcRERERERER6T0GHERERERERESk9xhw
EBEREREREZHeY8BBRERERERERHqPAQcRERERERER6T0GHERERERERESk92RF3QF9VLKEOUYOrY+S
Jcyxe9897Dlwr6i7RERERERERPRJY8CRRxUr2OP3NT1hZmYIAKhT0wmOJS3w05rzRdwzIiIiIiIi
ok8Xp6jkwfvhRpoBfWoUUY+IiIiIiIiICGDAkWtZhRsAAOHD94eIiIiIiIiI0jHgyIVsww0Av/9x
/QP3iIiIiIiIiIgyYsCRg5zCjT0H7rH+BhEREREREVERY8CRjdyEG1NmHf7AvSIiIiIiIiKi9zHg
yALDDSIiIiIiIiL9wYBDC4YbRERERERERPqFAcd7GG4QERERERER6R8GHBkw3CAiIiIiIiLST7Ki
7sDHguGG/hvUrxY+7+UBaytjPHwcjCUrz+DaDf+i7laW2rasgB+/76Cx7fhJP4wav7eIekSUP5Xd
isFncz+NbbfuvEHvL/7Q6XkmjG6EIQNra2z7dd1FrPz1nE7PQ0RERB/Ovp0D4VrWFkDhXD/Qp4UB
BxhufEiedZyx8dceBW7n9LlnGDb6L/XjLp+5Y+LYxhAE1ePqVUtgxaLP0L3fFgQGRRf4fB8bhYkc
e3cMRMkS5uptqUoRFy69wIixu5GSosxTe21alMfMKS1gZWmssX3JytNYv+mKTvr8X5DVz2+fQdtw
83ZAntpa/0t31K9bSmPb+UsvMOTrXQXqI314zZuUQ+MGZVDB1Q4Oxcxgbm4EuYEUCQkpiIlNRGRU
AnwfBuPytVf458RjREUlFHWXiYj+835d3gVNGrpku49SKSIhIQXxCckIeBOFZy/CcfLMExw6+vAD
9ZKIdO2Tn6LCcOO/oW2riupwI42NtQlaNnUtmg4Vsti4JKxcrXnXWioR0KBeaXgPr5+ntqytjDF9
cvNM4Ybvw7cMN4iyIJNJMKBvTRzZOwQ/Le2EHl2qomrl4rC3M4WRoQwSiQATEwPY25nCtawtOrar
hPkzWuHInsGYMr4JitmbFvVLICL65KX9rbaxNkEVdwd0bFcJPy7sgGP7v0LnDu5F3T0iyodPegQH
w43/DkkWUZ0gEbQ/8R+w7+/76NzeDfXeGwXQp3t1bPO5leuRKyO+rAcbaxONbalKEUtXntFZX4ne
ZyiXYefmz1G+nGpI6qF/HuKbbw8Uca9yp1YNR8yb3gqlS1nl+VhLC2MM6FsT7VpXxIJFJ3D42KNC
6CEREb3v4eNgJCSkaGwTJAKMjWQoZmcKc3Mj9faSJczx3ew2cHay5DRIIj3zyQYcDDc+LtduvkZi
YkrOO75z/8FbjcdHjj2Gl2dpjW2hYXE4fvKxTvr3sVq84jT+2NgHRobpv8pmZoYYNaw+ps89kuPx
zk6W6NqxcqbtR/55iHMXn+u0r0QZeVQroQ439MnnvTww3rshjI0NCtSOrY0Cc6a1xJXr/ggNi9NR
74iIKCtLV57GmfNZX9vUr1sKAz+viUZeZQAAggAMG1wXN28H4PS5Zx+qm0RUQJ9kwMFw4+OzZMXp
PNcwyMhn921YWBihb49qsLI0xqMnofhx5Wm8DojSYS8/Pr4P38Jn9230711DY/tnbSthy44bePDw
bRZHqowe7gUTE80PalFRCfjxJ47eoMJV2d2hqLuQZz26VMXUCU0h0TIyLDo6EafPPcPXmvwoAAAg
AElEQVTZC8/x+EkIXr2OhMJEjjKlrFC7phOaNymrLqCWZuXq8ww3iIg+EucvvcD5Sy+wYFZr9c0f
iUTAkIG1GXAQ6ZFPLuBguPHfte63y1j32+Wi7sYHt+rX82jRpByKO6QXHJXLpRg9vD6+Hrcny+Oq
Vi6O1i3KZ9q+ccvV/3wwREXP1cWmqLuQJ551nDFlfJNM4YYoAvsP+WL5z2fxJlDz9yYqKgFvAqNw
/tILrPjlLHp0qYrRI+rD1kaBA4d9sXXHjQ/5EoiIKBcWLz+N1i3KQ2EiB6C6XjIyMkBCQnIR94yI
cuOTKjLKcIP+i6JjErFq9flM2xs3cEGDeqW1HKHiPbw+ZDLNPwGP/EKwev0lnfeR6H1lSlsXdRfy
ZMr4ppmmpYgisOKXs5g842CmcEMbn9230anXJnw16k++1xARfaQiIuPx2C9E/djIUAZnR4si7BER
5cUnE3Aw3KD/st377+HS1Vca2yQSAaOGaV9RpUlDl0w1S5RKEcs4NYU+kNLOeS/QWVQ+7+WhtV7I
X3vvYM2GvAWCYeHxOHvheZ6XciYiog8nJjZJ47HJu9EcRPTx+ySmqDDc+O+r7FYMPpv7aWy7decN
en/xR6Z9J4xuhCEDawMAkpJSsXn7dSxZcRoAUNPDEd06VUaNaiVgY6OAkaEMUdGJePjoLfYd9MWe
A/dy1R+ZTIK+PT3QvElZuJS2hoW5EZKTlXgbHINLV19h3SbdT6VZsuIUtqzvDUN5+q91tSrF0bmD
e6Z+f/1VvUzL6h771w8nzzzN9hxly1ijy2eV4VG9BJxKWsLMzBBSiYDomCS8fRuNm3fe4O8jD3D1
un+27Rzb/xVKlkifUqNUinCv/WOW+7dtWQE/ft9BY9vxk34YNX6vxraM39vUVCV2/Hkb8344DkC1
asewIXXRtmUFlCxhjlSliLdvY7Bg8Qm9mltbscL/2bvv+CjK/A/gn2xJNr13SAXS6KGEFpB6qFQV
EBueiqKejZ8n1rPc6d0pYgUbonh0C02ESA0EKaGEhE4SWhKSkE7qZnd/f8Qsmd3N7ibZTXbC5/16
8SIzOzP7zOyzOzPfeZ7v44cpt8diYHwXBPi7ws3VASqVGqVlNTh7vhC792Zh9Y9pZm/PwV6GyXfE
YvCAroiJ9oOnhyNcXRxQX69CcUk10k9ew7pf0tucdLZnrD8eeWgQggPdEBTopvd7PHFcFCaOixLM
y8ktx9hJX5u1/bgYf8y6uw8G9u8CHx9nONi37rtryH0z++rNKyi8gX++v6vV2zSHpb5v7fGbBwC9
4gJw58QYDOgXDH8/V7i6OECt0aCiohaXr5bi4OHLWP1jGgqvV5rcliXqeVt/D9rruBGR7fFwd9T+
rVSqkHWx2OjyDvYy3D2tF4YMCkFUd1+4uyvg5ChHZWUdLl0pxZ59WVi6PNVoN5eEQSFYtuQeAEBy
SjYef+Zn7bZn3tUb48f2QGhXD7i7KVCnVCEvrwL7D17El98eRHFJtVn7lTAwBHdN7Ym4GH/4+7rC
QSFDbU09cvLKkHosByvWHENmVpFZ27LUfrdWdA9fTJsUh/h+wvNEWXktMrOL8Mehy1jzYxoqbtQa
3U7T4378RC7ufXgVAMDZyR6PPTwIY0Z2Q5cu7pDLJKisrMPho1f1rj+b6tMrEFPuiEV8vy7w9XGG
m6sDamrrcf16JY6fyMO69ek4csz4ebstAvxdERbqibT0PFRXGz/unh6OSBgYggOHL6Ok1Lw6JAad
PsDB4AYZY28vxaSJMfjsyz/wxoIxmHx7DKRSYcMmL09HDBkciiGDQzFhbA88v2Cz0R/qAf274I0F
Y/QSCsrlUoSFeiIs1BO3T4jC5q1nLLovGafy8eMv6bhvZj/B/Mf/Ohibt57WPjG+a0pP9NJJ8Fhx
oxYLP0ludtuuLg5YMH8Ubp8QLRixpZGXpyO8PB0RHeWHGdN7Y98fF/Hewl24eKnEAnvWOlKpBCOH
R+Cd/+yAm5sCX348DX17B2lfl6NhFBmxPEl3c1Pglfm3YeL4KNjbSwWvyeVSBCjkCPB3xcjhEXhw
dn+89e52vVY9up54ZDBm3tUHAf6ueq/JZBIEBcoRFOiGcaO7Y9OW03jtnW2tPl5hIV74i4GcL5bw
you3Ycb03oLgHtDy764hgwd0RXiofneaXzadtFp/bGt+36zxm+ft5YSX59+GCWN76HV7Axqad/v6
OCO+bzBmz+iLZT8cwVfLDLd8sUY9B9r+e2CN40ZEtiky3EvQau/4iTyUl9c0u/yDs+Px8P3xBs+l
bm4K9IoLQK+4AEy+PRbzX9mMjFP5JssQ3y8YQMPILq+8OBqR4cLzkFwuRbdIb3SL9MZfxkXhhZd/
NXrT7Oxkj7dfG4eJ46P1HnA5OcnRPdIH3SN9MG1SHK5dq9Bbf8nSA9j46ymr77c5FAo5Xvv7aEya
GGPwPKFQyOHv54Khg0PxwKx++GLpQaxad9ysbUf38AUABAa4YfGiqdrppvvl3ExrHlcXB7z20hjc
Pj5K71zo7GQP5xB7hIZ44s7bY7A16Sz+8a/fUVlVZ3BbbbHo33ciNtofP65Px7sf7IJK1fx5beG7
d6BfnyBsSTqLV98yPfqiWHTqAIep4EZFRS2u5pThqblD2rlk5snJLcfho1eY8NHKfH1csPLbWYiJ
8jO57KgREfjXG+Mx/5VfDb4+dHAoFv37TsFY6oa4ujjg3rv7tKq8xny8OAVjRnUTnGzCQj3x8P0D
8PWfCVgfmzNIb73lK4/i8tVSg9sMC/XEx/+dbPaQnhKJHRKHhSMmyg9/f30LDhy63Io9sQwvz4Yn
MIsXTRXczDRSqzXIOG2ZE641hYd64aP/TjL7MwgP9cKSj6bh76//hu279IdKDgv1xD/fmID4vsFm
bU8iscOUO2Nh7yDFCws2t6jsjZo7wbbVvff0ETxpa46p725zhhnIY6PRAJu2nDKwdNu1x/fNkr95
keFe+Pj9KXoX383xcHfE808PR3iYp97DBUvXc11t/T2w5HEjItukUMjx1qvjtDfOSqWq2a6Ibm4K
vPPaeIwf010wv/B6Ja4XVUKj0aBLkLv2mjCkqwc+/WAKZs1ZifyCG0bL4exkj3vv7oO/Pz8SCkVD
/qf8ghsoKq6Eg4McYSEe2iCrn68LPnzvDtx9//+abSH3yQeTMXRwqHa6vl6N60WVuF5UBScnOboG
uzcEBxxkCAvV70La9AGCNffbFF8fZ3z24VT01nlQdy2/AsUlVZDJpAj0d9Xe+/n5uuD1l8agaxd3
/HfRHpPbVyjk8PVxxtefTkdkM8nQDbXmCQxww+cfThGcH1QqNXJyy1FWXgMHBxm6BrvD0VEOqcQO
d/wlGoGBrvjrEz+itq6+JYfAJJlMCrlcipl390FNbT2Wfn9Ir4VPSFcPvLFgDAbGd4VMJoG3l5NF
y9DROm2Aw1RwAwBcXR2azVFgKyoqavH0/A04dMT0EypqHTs7CH6QcvPKkXetHC4uDggL9dR7Kjxx
fDR+2pCB/QcvCeZ7eTriX/+YYDC4UXi9EpevlEAikSAivKHLijVU3KjF51/9gXdeHy+Yf+89fbB8
5VHMmN4boTq5DzKzi/HF0gMGt6dQyLHw3TsM3nAUFVfh8pVSqFRqBPi7okuwMAGXr48z/vvO7bj/
0dW4fMVw8MTaHB3l+L9nE5u9kb9eVGn0qYwtUCjkWPie4c/gak4Z8q5VQCK1Q0SYFzw9bt7oOzrK
8fZr43DuQqHe8Y8M90Y/Azd41/IrkJPXEFANDnTTeyozcVwU9uzLwobNLb+5/+PQZfz2+1m4uyng
7qZAXIy/3nvrXjQUFpruytA0uNHa764xkeH6Fzg5uWXIzDbeXLk12uv7ZqnfPAd7Gd7/1x0GgxsV
FbXIuliMmtp6+Hg5ISLcW/DUULeM1qjnutr6e2Cp40ZEtsfBXoZJt8dgzn3x2hvbujoV/rNod7Nd
NJ2d7DEwvguAhsB3ckoWVq49Luj26mAvw1OPD8GjDw2CnV1D94G/PT4Ur72TZLJMr700BhKJHQ4c
uoxvvj8sKEd4qBfeenWc9v39fF3w+F8H45//3am3nQfv7S8Ibuzck4kPP9sr6IrSJdgdL/xthKCr
aGZ2Mc5nXse584XYsu1mq2Nr77cx/3xjgiC4kXr0Kj5ekiLoqimTSTBtUk88NXcI/P1cYGcHzLlv
AK5cLTOrJcfrL41BZIQ3ysprsGLNMfy+8zyuXC1D1y7uGNi/K/b+od+t+d1/TNCeH+rqVFj3ywm9
UQkVCjnm3Ncfj84ZBGcne/TvE4y/Pz9S23XSUhZ+kowXn0tETJQ/Hry3P+RyCb5celA7LH1EmBde
+NsIDB4QAplMgjPnCjvdAAOdMsBhTnBDLBqDMA/OXdPRRen0si8V4+PFKdi2/Zx2Xs9Yf3zwrzsE
QQE7u4ZuHroXrS88PULvhrCmRolFn+3D8lVHtfNkMgkemzMITzySoNe0zhJ+XJ+OyX/2XW8UGOCG
mXf1xl1TewmW1WiARZ/tbbZZ9rPzhiE2WngjWlWlxMJPk7FyrfAkMWZUN7z299GCY+Dr44xXXxyt
7UfaEebcF9/sa5YKvPzfs4morW1ZBN7cp9TPzhum98Q4v+AG3vnPDuzYfUE7TyaT4OnHh+LROYMg
/XMoU08PRzzxSAJeeVP4pHzH7gtY/WMaZs/oC5VKjZQDl7BizTG9XCTPPz0ccx8eLJh37919WxXg
KC2r1rb+mHJnLP791kTB68dO5La6dUhbv7vG+Po4683LL2zbE6jmtPf3ra3H7W/zhurVTaVSha+/
O4Svvj0keCrVp1cg5j48GMOHhGHPviws+UYYVLVGPTfEEr8H1qxvRGQ9859JxFNzhQ82JRI7ODvb
IyjQTdAlMP3kNXy8OMVo/qm8a+VY8MZvuH18NLbtOIddyZl6y9TW1ePDT/citKuntsXDuNHd8eZ7
2012+dQA+GRJit7vJdDwO/T0/23AhtUPas8DY0Z1MxjguGNijPbv1KNX8dQL6/WWuZpThhcWbIa3
lxMGxXcFAJw8dQ0vvfFbu+93c2ZM743EYeHa6Z17Mg3uS329Gut+OYHjJ3Lx7ZK74ePtDDs74Lkn
h+G3pLMoLTOea2Lc6O4oK6/BY0//hPST17Tzz5wrxJlzhXrL3z+rHxIGhQBoaAn45ru/45dN+nmY
amqU+GLpQZw5V4hPP5gCmUyCqXfGYdn/UnE1p8zs42DK4SNX8P3Ko/j7cyPh7eWEmdMbWowv+mwf
HOxleOmFUUgY2BDcyM0rx78X7kJ6Rp7F3t8WdLoAR2cKbjSKjvI1vZDIrVp2r1nLHTmeg/sfWW3x
9089ehVPzd+g9/Qu41Q+Fn66F5+8P1kwX/fps4e7I8YbyC/wn0V79BLh1derseSbA6hTqvB/zyRa
aA+EPvgkGT98PVMQQHlwdrwgsScA7NxzQXDz0JSXpyOmT47Tm//2f7YbvMHdsfsCrhdV4vuvZgie
ZA4bEob+fYJxNC2ntbvTJo1NOI+m5eB/q4/hWFouAKBnbAAuXbZMjhBzu3q0lIe7I6bpfAZ1dSq8
+tY2vYuu+no1Pvp8Hzw9HDFjem/t/PFjuuOtd7frNYF85z87sPrHNBSXVGmj+roWfbYPI4aGC248
Y6L84OHuaPICob209btripPO0LAAcMNEwrLWaO/vW1uPm6uLA6ZN6qm33Y8+34dvf0jVm5+Wnoen
XlgPB3uZXl20Zj3X1dbfA2vXNyKynqju5l1PJ6dkY8WaY2Yl105OyTYrUfnW389qb/Td3BQYFN/V
ZPBz+cojBoMbjcrLa5C04xwenN0QuA3wd0X3SB+cz7wuWC68SeB1245zMGbr7+e0AY5ePQOaXc6a
+92ce++5mfC7uKQab/zTeGuQ85nXsfjrA3hjwRjt+z84uz8+WZJi8r3e/vcOQXDDmFl33yzX9l0X
DAY3mtq9NwvJKdkYPTISTk5yTJoYY/RzbimVWoONv56Ci7M9nntyOFxdHfDArP6oralHbIw/Bv3Z
LaWktBov/2Nrp+wl0OmGiY3p4dupghsAcOasfrSQLOvw0avNNk3+fed5VFUJE8X5+rgIpm+fEAVX
F2G9O3fhutEs/7lWzK1yIiMPP23MEMzTDW5UVtVh4SfNDws7YUwPve42J0/nG316n5aeh527hZF8
qcQOE8dHNbNG+9i2/Rzu++tq/JZ0FtfyK3AtvwLbd53XuwiwNX8Z10OvO9PO5EyjF11Llx+GRnNz
2tnJHonDww0uez7zerPBjZvLCLOp29tLERttOgdBe2nrd9eUeivlDtHV3t+3th638WO6a3NaNMrM
KjIY3GjKUADC2vVcV1t+D6xd34io4yUOC8eXn0zH5nVz9Eb3aq0LOiOThHb1MLmOoWSfuk7r3CNE
GOgyKG/ysMvUaCvFJTevCdxc296dujX7bUh0D19Bws+dey6YvH4BgHW/nBDkJWnaAqQ5R47nCLrk
GNMz1l/QTfOnDelmrXfsRK7278aEspa2cu1xfPjZXm3ek0fnDNIGN85nXsezf9/YKYMbQCdswdEY
NXv3zb90cEksIzevHO8utO5QhGRaSWk1nJxuPsl11Hmqayhh3YFDHdss+aPP92F0YiT8/QxfYP9v
9TFkX2o+j8CA/l305pmTwHBPSpbeDVafXoEm17OWnNxy0WaGNnTSS/nD+BOly1dKUVRcCR/vm10r
enTzwe87TSdhNKSsXP9iyMtTPMmoTH13TTHUWsPFxfJBdFv7vpk6bv366NfNfSbqZnPas55b+/eg
rfWNiKxn7t9+wt79+r8tri4OCPB3RVyMP0aOiMDoxEjY20sRGeGN99+9A2Ghnm1+wq7bjdXVAsED
ACivEAZcdR+2AUBRUZX2IVe3ZhJnNmqad6qiou2tFS2137oJvw+ZMXoW0NDqL+PUNdyWGAkA6B7p
A1cXB6NDx5qTtLrR0MHCcj352BA8+ZjpwSuaPoz387VeIHztzyegVKrw9OND4e/nqg1uvLdwt8kh
5sWs0wU4APOCHK+8udVkEyJqP0eO55iVw+Dc+Y554q5SC5/i6g6x1SVImPAPAM5lmj+OuDWUl9dg
yTd/4M1Xxum9dvFSCZZ8bfxkHRjgpjfvfJbp429oGDBDQ4i1l9+SzlhlGK6m7n14FY43icabY+ni
uwVJvwwJ8NM/bu+8Pl4viawp5owycltiJAbFd0V4mCf8fF3g4uIAhYPM4HBoUpmdgS3YJlPfXVPK
yvUvggzl5WgrW/u+mTpuui3CAODs+da1NmzPem7t34O21jcian8VN2pRcaMW5zOvY/3mk0gYGIIP
/30nPD0cIZXY4am5Q3D2fCF27tHPNaFLJpNg6OBQ9IwNQHCQGzw9HOHsbK+XhFhioTb0TVuyAYBU
qv+jk3r0KoKDYgEA0ybF4eeNGQZzPgT4u+KuKTe7Hp4ws4sGYP391r3ObsmQs5cu38yvZG8vRXiY
F04YyTmhVmmafU1XgL8wONGaBwwuzoaHnbUEtVqDXzadhEwmwQtPj4BKrcE7/9mB1KNX9epOZ9Ip
AxyA6SBH43wGOWzDBx8nt/gG0ZYYipgXm9F0ztrW/HQCf3timN7wT9t2nDPZV93NQFevEhNNGwEY
HNbY1cV6P96mKFuZzMoWOFvopCeRGL7LCgxww+N/HYzRIyOtctPeGWRlF2H0yEjBvK7BHgjp6mHR
0YHE9n0z+JSwlb951q7nTYn594CI2seBw5fxn0W7tcmwpVIJHrov3miA47bESNwzrRfi+wYbHE2v
I3238ghGj4rUtlRZ/d1srFhzDNt3XUBuXjmCAt2QOCwc997TF0GBDcHr2rp6rFhzzOS222u/dc+R
efmmu+800m2t4eNtuVaolmjR2ZJ9aQ21WoM1P52AVCrBhcwiHD7SeVtuNOq0AQ6AQQ5qP4aeaCuV
qg4oiT6VgRwCarXpsK0lI7udOUpsTTU1+kGoay08EdYpVQYTes26uw/mP5No1ScHnUHKgUt4dM4g
wTw7O+COCdEWTQomtu+bofcwJ8BgiDXrORFRa2zYfArPPTlc2yKu6dCkTekO12qLzpwtwNvv7cBb
r46Dk5Mc3l5OeGbeMDwzb5jB5dVqDT7+PMVoK4f23m+7NjSH0+icsNqyLV01NTfzLlVU1GLQqM8s
tm1L0x2NrTPr1AEOgEEOah+6ieUAw084xaT8hn4iPQ8P003AgwP1m5sb6+tIzdPtWwsAz/59k9GL
DnPce3cfvL5grKD5vFKpwpFjOTialoMz5wpx8VIJikuq8MQjCbh/Vr82vZ+YHTh8GUXFVXqtoKZP
7mnRAIfYvm8VBuqmt3frWgFZq54TEbVFTm6ZNsChUMjRJdhd0LUjMtwLy76YIWgBWVJajdSjV3Hq
TD4ys4txJacMpaXVcFTIseXnh9t9Hxpt3noadnbAf9653WjXuas5Zfho8T78urX5JJsdsd/lOvlA
AvxdcPGSeSPh6SZLvV5U2cySrShXk26szs72UCjkgqAHdYxOH+AAGOQg6yszkFW/S7B+Xg4xycur
APoI5/WI9DG5Xlys/lOOa39mcG5kKJouk0laPTZ6Z3XxUglGDhfO690zoE03fq4uDnj2qeGCC5yc
3HLMf2Uz0tL1t6sBm99s2nIac+6PF8zrEuyO/3s2ER98nGyR97Dm980aDDWpjenRuiHNrVHPiYja
TCcSUF0tvHF99cXR2pv8ujoVvv7uEL5edshgF+CQLq0bPcRSbp8QjbdfHw87O2D/wUvIzC5CWIgX
nJzkqK5WIjevHIeOXDEa2GjUEfudkyvMGRIX4292gCOkycgtSqUK2WauZ47M7Jv59iQSOwwfEtai
JKVkHZ1umNjm/LLpJF55c2uzr7/75l8wbVJcO5aIOhPdYbCAhgt0MTt8VD9D9aABXU2uN2JomN48
3fwqVToXCXZ25o9Pfysx1OS+MRN4a/1lXJTekJzf/nDYYHCDGnz7w2GD2eQfmh3f4vPGxPFReOFv
I/QSr1nz+2YNhvrwjhhq3jCtuqxRz4mI2io48GYy5cqqOkGeocAANwwaGKKd/vaHVHz25X6T+c06
greXE/6xYAwUDjJculyCJ59bj3ff34W5f/sJ9z+yGo89/RP+8a/fzQpudNR+647SNdiM82OjnrH+
2r8vZBU1O9R3a+zZlyV4ODdqRITFtk2td8sEOAAGOch6DF3sDx0c1mzk2sFehmmTexp8zVZs234e
pWXCJIc9YwMwaWJMs+vExfhj7G3dBfNUKrXeeOKG+tcbG5t8yOCQZl/rzJJTsvUSWSYMDMHkO2JN
rtu7ZyD6GxjKMzBAv0tDbZ3hfDHeXk7o19vy47NrDOSAkcts93RUeL0SXyzV744ik0nwzuvjMd9A
wEKXQiHHGy+PxQf/ugOPzRmEhe/dIXjdmt83a9iZnKlX3pCuHpj3aEKz68hkEsye0RcJA4XfZ2vU
cyKithg9MlIwIlW6zogi3SK8IG2Sd+jIMeOJG+X2UssWsAUmjo/SJgAtKa1uUzCio/b79NkCXGgy
OuHokd3g5Wm6G+fMu3oLhmE1NQR5SxWXVOPI8Rzt9Pgx3QUtRqhj2O4VpZUwyEHWsH3Xeb3RDJyc
5Pjgz/HTm4rv1wUrvp1l8MmrLSktq8ZP6zME8+zsgDdeHot77+6jt/yoERH45P3JUDgIb/T27MvW
ax1gqOn5A/f21wty9O0dhO+/moF7pvVu7W6I3vcrjwimJRI7vPXqODwzb5jeEK4ymQTTJsVh9Xez
seb72fj+qxl6N8g3DORnmDYpTi9nzB1/icbKZfcKnnxYSmmZ/tOT2Gh/bRn8/Vxs7gn+tz+k4rek
s3rzpVIJHp0zCL/+9DBenj8KI4aGoUuwO1xdHBAe6oVxo7vjlRdvQ9KGR3Dv3X20iTjHjOqGf/1j
gnY71vy+WUN5eQ1+3qjfrfOpuUPw3FPD9QI+icPCsXb5fXj9pTH4/MOpGBQvfPpm6XpORNRaAf6u
ePHZkYJ5G389JZjWzQnRo1vzXQojI7zx8X8mWa6ALWQvvxlk6Ns7CB/++078ZWwPRPfwbfHIJx25
36t+vJkk09vLCW+9Os7o8pER3njysSHa6YobtfhuxREja7TO8pVHtIm3XV0c8O+3Jpo8rt5eTnh5
/ig88uBAi5eHbpEcHLqYk4Os4X9rjuKl50cJ5vWKC8Avqx7E+QvXUVNTDx8fJ4SFeBlN8GRLPv1i
PwYN6IpeTbKHuzjb442Xx+LJuUNw+WopVPUa+Pu7GGytkl9wA+8t3KU3/8f16fjrAwPh5CTXzvP0
cMTiRVNx8XIpiour4O3thPBQ8Rwra1m59jiGDwkT3PArHGSY92gCHpodj8zsIlRW1cFRIUdYqKeg
+4lMJsEbL49F1sVinDzdMGb84aP6T1vi+wYjaeMjyMwuhsTODsFBboInHpZ2PD0PdXUq2Dd5shMU
6IaNax9CTl45enTzgYuzA+a/vBm//a4fVOgor7+TBHt7KcaM6qb3WnCQGx6cHY8HZ8cbWNMwmVT4
jMFa3zdrWfzVH0gcGo5ukd7aeVKpBI//dTDuvbsPMrOLoaxXwdfHWfC75+Qkx7tv/gV33LVM+yTR
0vWciKilnJ3scdeUnnj4gQGC1hv7D17Suyc4eTof5eU12hvZhx8YgIxT+Th05GZ3w5AuHrhnWi/M
uqcvXJztoVKpIZW2/7PlPfuy8Ld5w7QB8YnjojBxXJTeciqVGmXltSgtq8b5C9exeesZvXwSHbnf
K9cex9hR3TBkcCgAYOxt3bH8q5n45IsUpDa5tpHJJJhyZxyenjtEcC3z2Zd/tHo4c2N27snEpt9O
Y/LtDYH2fn2CsHLpLCxZekCv209IFw/MmN4b0yb3hJenI1RqDQqLKvUCaNQ2t2SAA2CQgyzvu/8d
wYih4Rj65w9vI4WDTHDD0mjnnkz07xsED3fTTew6Sm1dPf7v1V/xyfuT9XJk+PPZlTAAACAASURB
VHg7w8fIqAkFhTfw0utbBBnHG+UX3MA33x/SG6JMKpUgMtwLkeFegvl518rh4uIg+pFpWmvBP7bi
84VTMKC/cDg2Jye5wbrV1MHDl3H2fKF2Ov3kNRxMvaLXf9XD3RHxfYVN/TUaYPVPaZgwpodZTUHN
VV5eg737s/UCBQH+roKLyvnPJGLfHxdtZhSeyqo6PD1/A158biQemNUPcnnrmt4qlSp8t+IIPvx0
r2C+tb5v1lJZVYcF//gNny2cIvjcAMDNTYF+fYIMrqdSqfHj+hN6zaQtWc+JiHTNfyYRT80dqjdf
IrGDi4s9ggPdBYF3oOGcOf/lX/XWqa9XY0vSWcz6s4Wdj7czvvtyBq5cLUXFjVq4uykQGOAKqVQC
jQZY+v1h9O4Z2CHDyWZmF+ONd5Lw6t9H6+XgakoqlcDL0xFeno6ICPPChLE98NvvZ/HCgs3aZTp6
v195axsWL5qKmCg/AMDA+C744euZuJZfgeKSKkilEgT6uwpaUGg0wMq1x7B8peVbbzR6+73t8Pdz
0V5bRUZ444N/3YE3XhqDvPwK1NWp4O6uQHCQu6CLT3FxFfJbOCw6mXbLdVFpit1VyNKe+b+NSE7J
NrpMTW09lv0vFU+9sN7sDNAd6fKVUtz319X4aUMGampN99tUqzVITsnGA4+twcFU/cSJjZZ8cwA/
rD4KtYF8DE2lHLiIBx5bg/OZ11tc9s6ivLwGD89bh+UrjxgcktiQnNxy/HfRHjw9f4Pe6DRv/DMJ
ly4br3slpdX41/s78fZ725Fx6prRZVvjvYW79PIu6HJwkGovYmzJ+x/twey/rkJySrbJ+ttU43fj
vkdW6wU3Glnr+2YtJ0/n46HH15r93mfPF+L5BZvxxdKDeq9Zup4TETUV1d0XfXoF6v3rFReA8FAv
QXCjqkqJH1YfxQOPrtHLN9Tog4+TcSztZlJnO7uGXERxMf7oEuwOqVSCouIqvP7PJHzwSTIuXi62
+j4aEhPlh+mTe8LVxQFVVUps3HIaySnZOJqWg7T0PKSl5+Hs+ULk5JZDpXNOmzguCk/NHSKY15H7
fS2/Ag/NXYsNm09BqbyZPyzA3xWx0f6I6i7sdlNUXIV/L9yFf/53p8XKYEhlVR0efepHrFhzTHDu
dnNTIKq7L3rFBSCki4c2uKFSqbFzTyYenreuQ87dnd0t24KjEVtykCVVVtXh8Wd+xrRJcZh8R2zD
D62rAyor61B4vRIHU69g3S8ncOZcw5PGTb+dRlR3Xzg6yk1suWNVVtXhtbe3YdkPhzFtUk/07xuM
rl3c4eLiAKnEDjcq65BfcANp6XnYvPW0oKmgMe++vwt7U7Ix6+6+6BnrDw93R6jVahSXVCPjVD5+
SzqDrdvPAQA2bzmN6O5+gm4tt5L6ejXeW7gby1cdxcy7+qB/32CEdvWAq6sDpBIJKqvqcL2oCmfP
FeDQkSv4aUNGszd8l6+UYsZDKzF3ziAMHxqGrsEecHCQouJGLfKuVWD/gUtYsfY48q415JVZ90s6
+vYKbHFfXWNycstx/6Or8cQjCRg+JAz+/i6QSiSouFGLrIvF2Lc/G2t/PoHiEsMXlh0t41Q+Hn/m
Z0RH+eHOCdHo1TMAXYPd4enhCHt7GTQaDWpq61FcUo2rV0tx8nQ+fk06izNnC0xu21rfN2u5fKUU
cx5fi7G3dcftE6LQKzYAXp5OcHCQorKyDkUlVTh9pgB7UrJNNsO1ZD0nIjKHSq1BdbUSFRU1yMwu
xrG0XKz75QQKr1caXa+yqg4Pzl2Dx+YMwvgxPRDa1QP29lKUldci71o5klOyseanNOT/OXR3yoFL
mDg+Gi7O9ka3a0mD4rvi0w8mw81Ngas5ZXjmxY04beQ85O3lhMm3x+LJuUO05Rwzqhs+/+oP7TId
vd8VN2qx4B+/4YfVRzFtUhz69w1GgL8rXF0cUK9So7y8BlnZxTiYehkr16VZdNQUY+rr1fjnf3di
1brjmDG9N/r1Cdbm5Gos19XcMqSl52HLtjPIOMUuldZiF93/A/MfP3Vi0ybFNRvkAIBX3tzKIAcR
EREREYnC6u9mo0+vQADA8y9t0j40MuWl50dhzv0NOaVycssxdtLXVisjkaXd0l1UmmJ3FSIiIiIi
6gxkMgmio27mc0pvQXfTpgnerxcZb8lCZGsY4GiCQQ4iIiIiIhK7+nq1dvhSALh7am+z1gsL9cTE
8TdHWdmzL8vSRSOyKqlP4Pg3O7oQtuTMuULk5pUbHAYQaOiHlptXrs2hQEREREREZGsG9OuCkK4N
w4r36xuMkC4eyC+8gYLCG3rLBga44YFZ/fDmK+Pg69MwaldmdjFeeXMbcx2RqDAHRzOYk4OIiIiI
iMSqe6QPvl1yt94w40XFVbheVIna2nrIZBJ4uDvC388FUunNxv1Xcsrw9Avrce7CrTuKHYkTW3A0
gy05iIiIiIhIrIpLqpCcko2IMC8EB7lrc2s4Ocrh4+0Mfz9X+Pq4wNXVAZI/hzBVKlX4ddtZ/N8r
m3HlalkHlp6oddiCwwRTLTkemrsWh45w/GIiIiIiIrJNA/p3we3joxAb7Y/gIDe4ONvD3l6Gurp6
VNyow6XLJUjLyMOP69Nx8VJJRxeXqNVkHV0AW9fYDaW5IMe0yXEMcBARERERkc1KPXoVqUevdnQx
iKyOo6iYwdToKkRERERERETUsRjgMFNzQY7vVx7tgNIQERERERERUVPsotICv2w6iZzcckybHAeg
Ibhx5mxBB5eKiIiIiIiIiJhklIiIiIiIiIhEj11UiIiIiIiIiEj0GOAgIiIiIiIiItFjgIOIiIiI
iIiIRI8BDiIiIiIiIiISPQY4iIiIiIiIiEj0GOAgIiIiIiIiItFjgIOIiIiIiIiIRI8BDiIiIiIi
IiISPQY4iIiIiIiIiEj0GOAgIiIiIiIiItFjgIOIiIiIiIiIRI8BDiIiIiIiIiISPQY4iIiIiIiI
iEj0GOAgIiIiIiIiItFjgIOIiIiIiIiIRI8BDiIiIiIiIiISPQY4iIiIiIiIiEj0GOAgIiIiIiIi
ItFjgIOIiIiIiIiIRI8BDiIiIiIiIiISPQY4iIiIiIiIiEj0GOAgIiIiIiIiItFjgIOIiIiIiIiI
RI8BDiIiIiIiIiISPQY4iIiIiIiIiEj0GOAgIiIiIiIiItFjgIOIiIiIiIiIRI8BDiIiIiIiIiIS
PQY4iIiIiIiIiEj0GOAgIiIiIiIiItFjgIOIiIiIiIiIRI8BDiIiIiIiIiISPQY4iIiIiIiIiEj0
GOAgIiIiIiIiItFjgIOIiIiIiIiIRI8BDiIiIiIiIiISPQY4iIiIiIiIiEj0GOAgIiIiIiIiItFj
gIOIiIiIiIiIRI8BDiIiIiIiIiISPQY4iIiIiIiIiEj0GOAgIiIiIiIiItFjgIOIiIiIiIiIRI8B
DiIiIiIiIiISPQY4iIiIiIiIiEj0GOAgIiIiIiIiItFjgIOIiIiIiIiIRI8BDiIiIiIiIiISPQY4
iIiIiIiIiEj0GOAgIiIiIiIiItGz02g0mo4uBBERERERERFRW7AFBxERERERERGJHgMcRERERERE
RCR6DHAQERERERERkegxwEFEREREREREoscABxERERERERGJHgMcRERERERERCR6DHAQERERERER
kegxwEFEREREREREoscABxERERERERGJHgMcRERERERERCR6DHAQERERERERkegxwEFERERERERE
oscABxERERERERGJHgMcRERERERERCR6DHAQERERERERkegxwEFEREREREREoscABxERERERERGJ
HgMcRERERERERCR6DHAQERERERERkegxwEFEREREREREoscABxERERERERGJHgMcRERERERERCR6
DHAQERERERERkegxwEFEREREREREoscABxERERERERGJHgMcRERERERERCR6DHAQERERERERkegx
wEFEREREREREoscABxERERERERGJHgMcRERERERERCR6DHAQERERERERkegxwEFEREREREREoscA
BxERERERERGJHgMcRERERERERCR6DHAQERERERERkegxwEFEREREREREoscABxERERERERGJnqyj
C2BJGo2mo4tAREREREREJBp2dnYdXQSLEXWAgwENIiIiIiIiotbTva8Wc8BDlAGOph9Ac38TERER
ERERkXFNAxp2dnba+2oxBjrsNCKKCugGMxqnGeQgIiIiIiIiahnd4Ebj/4bmi4FoWnA0DWbo/t04
rVarGeAgIiIiIiIiMoOdnR0kEon278Zghkaj0U43/i0GoghwGApoNP5Tq9VQqVTQaDTa/9VqdQeX
mIiIiIiIiMh2SSQS2NnZQSqVav9vnGeo24oYghw2H+DQDW40ttJQq9VQq9Wor69HfX09NBoN7O3t
YW9vD7lcro1CEREREREREdFNarUaSqUSdXV1qK2thZ2dHWQyGWQyGSQSiTbQ0bR1hxiCHDadg8NY
cKMxsKFUKuHk5ARnZ+cOLi0RERERERGR+FRWVqKqqgpyuVwQ6GgMcjRt1WHLQQ6bD3A0DW40bbVR
V1cHAHBzc4NcLu/gkhIRERERERGJl1KpRHl5OQDA3t5e0JqjaZDDlgMcNtuPw1i+DaVSCY1GAw8P
DwY3iIiIiIiIiNpILpfDw8MDGo0GSqUSKpVK24tC95+tsskAh+6wr01bbyiVStTW1sLNzQ1SqbQD
S0lERERERETUeUilUri5uaG2thZKpVJwL657n26LbDLAAei34GjaNcXZ2Rn29vYdXUQiIiIiIiKi
TsXe3h7Ozs6oq6tDfX29wVYctspmAxwA9PJvNB5cNze3ji4aERERERERUafk5uYmuAdvGuSwZTYX
4Gg6ckrj/xqNBiqVCvX19VAoFB1ZPCIiIiIiIqJOT6FQoL6+HiqVShDc0P3flthcgAPQD240TTDq
4ODQwaUjIiIiIiIi6twcHBwMJhoFbDO4AdhogKORoUAHc28QERERERERWZe9vb1oAhuNbDbAYSi4
odFoIJPJOrhkRERERERERJ2bTCYzmFzUloMcNhvg0CWGhCZEREREREREnYXY7sNFE+AgIiIiIiIi
ImoOAxxEREREREREJHoMcBARERERERGR6DHAQURERERERESixwAHEREREREREYkeAxxERERERERE
JHoMcBARERERERGR6DHAQURERERERESixwAHEREREREREYkeAxxEREREREREJHoMcBARERERERGR
6DHAQURERERERESixwAHEREREREREYkeAxxEREREREREJHoMcBARERERERGR6DHAQURERERERESi
xwAHEREREREREYkeAxxEREREREREJHoMcBARERERERGR6DHAQURERERERESixwAHEREREREREYke
AxxEREREREREJHoMcBARERERERGR6DHAQURERERERESixwAHEREREREREYkeAxxEREREREREJHoM
cBARERERERGR6DHAQURERERERESixwAHEREREREREYkeAxxEREREREREJHoMcBARERERERGR6DHA
QURERERERESixwAHEREREREREYkeAxxEREREREREJHoMcBARERERERGR6DHAQURERERERESixwAH
EREREREREYmerKMLIGa5udeQmXkJxcVlyM29BgBwdFQgKCgAQUH+iIwMhaOjooNLSURERERERNT5
McDRCocPpyEpaQ9KSsoMvp6RcVb794ABfTB+fCK8vDzaq3j0p0WLFiE7O1s7/eabb8LLy6sDS9S5
VFZWYt26dTh9+jQCAgIwY8YMBAcHW/Q9li5dirS0NO30888/j/DwcIu+R3tqj2N2K+ps9YSIiIiI
WocBjhbIzb2GZcvWNhvYMCQ1NQ2pqWkYMWIwpkwZb8XS2bYDBw5g5cqVVn2PJ554ArGxsVZ9D7pp
1apVOHHiBAAgOzsbixcvxmuvvQZHR8cOLplh165dw7vvvtuidezt7eHo6AgfHx907doV3bp1Q0xM
DORyeavKILZjRraDv6FEREREpjHAYabDh9OwZs1Gwby4uB7o2TMakZGh2hYa1dU1yM3NR0bGGWRk
nNUGQ/buPYjc3GuYM2cGu62Q6NXV1SE9PV0wr6KiAmfOnEG/fv06qFSWV1dXh7q6OpSVlSEzMxO7
d++Gg4MDhg8fjrFjx8LZ2blF27oVjhmR2FVUVODw4cNQKpWIjY1F165dO7pItyx+FkRE1FIMcJhB
N7gRERGKWbMmG+x24uioQGRkKCIjQzFlygRs27YHe/ceRE1NLTIzL2HJkuWYN+9BBjlI1DQaTYvm
dya1tbXYsWMH9u3bh3HjxmHcuHGws7Mzud6tfMyIxCQlJQVbtmwBALi6uvKmugPxsyAiopZigMOE
3NxrguDGuHGJmDBhpNnrT5gwEr16RWm7tuTm5mPDhiTMmjXZGsW1WfHx8YiJiTG5XFFRET766CPB
vBdffBFubm4m13Vycmp1+ahlHBwcEBcXh4yMDO08FxcXREdHd2CpWm7+/Pnw8DCcH0ej0aCqqgrl
5eXIzc1Feno6srKytAGJ2tpabN68GRcvXsRDDz0EBwcHo+/VWY4ZdQz+hrafgoKCji4C/YmfBRER
tRQDHCYsW7ZW+3dLgxuNgoICMG/eg/jww69QU1OL1NQ0REaGYuDAPpYsqk2Ty+Vwd3c3uVxtba3e
PDc3N7PWpfZ13333Ye3atThz5gz8/f1xzz33iO4GydXV1Wjd8vDwQFBQEKKjozF69GgUFBRgw4YN
gq4mGRkZWLRoEZ599lmTuTQ6wzGjjsHf0PZTVFTU0UWgP/GzICKilmKAw4ht226OlBIX16NVwY1G
Xl4eePLJB/Hhh18DAJKS9txSAQ7qfJydnfHwww93dDHalZ+fHx577DEcOHAAq1evhlqtBgDk5ubi
f//7Hx599FGj3VVuxWNGJDbXr1/v6CLQn/hZEBFRS0k6ugC2bO/eg9q/p0yZ0ObtBQUFYMCA3gCA
kpIyHD6cZmINIrJFCQkJeoGK9PR0bN++vYNKRESWUFdXh4qKio4uBoGfBRERtQ4DHM3IzLyEmpqG
pr4DBvQ2mFC0NcaPv9kKJCPjjEW2SUTtr0+fPhg1apRg3rZt23hBTiRi7BJhO/hZEBFRazDA0Yym
wYeePS2XBNDLywOeng19oU+ePGex7RJR+5s0aZIgt0FdXR127drVgSUiorYoLi7u6CLQn/hZEBFR
azAHRzNycvK1f0dGhlp02z17RmHv3kMAGlqKWHr7ZFphYSEOHz6MU6dOoaSkBNXV1doh6OLj49G3
b1+9XArbt2/Hxo0NI+rY2dlh6NChmDlzZoveV6VS4csvv8SZMw0BNGdnZ7z99tuQy+XaZRYtWoTs
7GxIpVLMnDkTCQkJ2teKioqwc+dOnD59GiUlJbC3t4enpyeGDBmCkSON54iprq5Geno6Tp48idzc
XFRUVKCurg6urq7w9PREVFQU4uLiEBISYta+HDt2DMuWLdNOjx49GlOnTjVr3UuXLuHIkSM4f/48
SktLteXo0qUL+vfvj759+0Iisf34q1wuR2JiIjZt2qSdl5ycjHHjxhlMONqaY1ZdXa2tqzk5Oais
rIRcLtfW1169eqF3796Qycz/Obd0XbBWnW2PelJZWYkTJ04gIyMD+fn5KCtryLvk5uaGkJAQ9O7d
G3369DHrfax1HNqTtfbBkse5KY1Gg+zsbJw6dQrnz59HWVkZKioqIJPJ4OnpiejoaAwePBiBgYEG
11er1Vi/fj2Kioq0/5pavXo1Vq9erbdeeHg4nn/+ecG8xmNnb2+P+++/H3379gUAKJVKpKam4tCh
QygsLERVVRW8vLzQq1cvjB07Fs7Oznrbz8rKwoEDB5CVlYXi4mJIpVK4u7sjKioKCQkJrRou1Rp1
XXdfgYbz6/79+3H27FkUFhaivr4ebm5uRs+vgGU/CyIiunUxwGEGR0eFRbenUFh2e2Q+pVKJX3/9
Fbt27dIO99mopKQEJSUlOHHiBEJDQ/Hoo48Kns4nJCRgy5YtqK+vh0ajQUpKCkaOHImAgACz3z8t
LU0b3ACAIUOGCIIbTalUKpw6dUp7g5GamopVq1ZBqVRql6murkZ1dTWuXbvW7HuqVCrs2bMHSUlJ
qKqq0nu9cb+zsrLw22+/ITY2FlOnTm3RfpmrvLwcP/30E44dO6b3WnFxMYqLi3HixAmEhITgoYce
svj7W8PQoUPx66+/ahOO1tXV4eTJkxgwYECbt52SkoL169frjYxRX1+P6upqFBQU4MiRI/D29sbU
qVPRp4/xxMXWrguWqrPtUU/q6+uxe/dubNu2zeDII4WFhSgsLMSRI0fg7++PGTNmoHv37mZt21LH
oSNZah+seZxPnz6NTZs24erVq3qvKZVKVFdXIzc3F7t27cJtt92GyZMn6928q1Qq7N6926z3M1dd
XR3S0tLQt29fXLt2DUuXLkV+fr5gmYKCAuzYsQOpqal44YUX4OnpCaBhFJxVq1bh6NGjguXr6+tR
UFCAgoIC7Nu3DyNGjMD06dPNCkZY8zNouq/19fXYunUrfv/99xafXwHrfBZERHTrsf1HpEQWUlFR
gUWLFmHnzp16F1+6Ll26hE8++QQ1NTXaeS4uLujfv79guf3797eoDE2Xt7Ozw7Bhw4wu33gTevz4
cfzwww+Cm4um/Pz8DM6vrq7GF198gfXr1xu8oTXk1KlT+OCDD3Dy5EmzljdXcXExPvzwQ4M3rbou
X76MRYsWoaCgwKJlsAZnZ2d06dJFMO/s2bNt3u6WLVuwZs0agzckuoqKirB06VIkJSU1u0x71YW2
1tn2qCfV1dVYvHgxNm7caNbxzc/Px+eff47Dhw+b/R5tPQ62wBK/P9Y4zkqlEqtWrcKSJUsMBjd0
aTQa7Ny5EytXrtR7TSaTWWUI3ZKSEly6dAkLFy7UC240VVZWhm+++Qb19fXaFn66wQ1dGo0GycnJ
WLdunclytEddLykpQWVlJRYtWoSkpKRWnV8B630WRER0a2ELDrplfPXVV9oEkNHR0UhISIC/vz8U
CgWKiopw5MgRHDhwQHtxVlhYiE2bNuGee+7RbmPEiBE4dOiQdvrgwYO48847YW9vb/L9r1+/jvPn
z2unY2Ji4O3tbXSdyspKlJSUYMWKFUYvGv39/fXmqVQqfPHFF8jOztbOs7Ozw4ABA9C3b1/4+PjA
3t4e5eXlyMzMxP79+7VD8tXV1eGrr77C008/bfaTPGNqamrw6aefCvpUSyQSDBw4UFsWiUSCkpIS
nDp1CikpKbhx4wZu3LjR5vduD5GRkbh8+bJ2+uLFi23aXnZ2NrZu3SqY16tXLyQkJMDX1xdyuRzF
xcXIyMjA4cOHtcfJw8NwMuT2rAttqbPtUU9UKhU+//xzweelUCgwdOhQxMTEwNPTE1KpFMXFxUhP
T0dKSgqUSiXUajVWrFgBPz8/hIaa7lbYluNgK9r6+2Ot47xixQpBEEAqlSI+Ph69e/eGv78/5HI5
SktLcezYMezdu1fbuurQoUOIi4tDv379tOva2dnhjTfe0AZzdu7cKcijM3XqVMTHx+uVwVSXsGvX
rmHJkiWora2Fr68vRo8ejbCwMDg4OCAvLw/bt2/Xfh+vXLmC48ePo7CwEBcuXAAABAcHY8yYMQgJ
CYGdnR3y8vKwa9cuZGZmat8jJSUF/fr1Q48ePQyWob3qekFBAT7++GNtS57Wnl+t9VkQEdGthWcF
MxQXl1psFBUAKCkp1f7dmHCUrK+iogLu7u544IEH9C4Ivb290aNHD4SHhwue8v3xxx+444474OTk
BAAIDQ1FSEiI9oKxuroaR48eFfRTb07TizugIVhiSnV1NTZs2IDa2lpIpVKMGTMGAwYMgI+PDzQa
DQoLC5Gfn4+oqCi9dbds2SK4oXV1dcUTTzyh13fb29sb4eHhGDlyJNauXYuDBxuGR9ZoNFi+fDkW
LFhgsI94S2zcuFHQn9rZ2Rnz5s3Ty/Hg6+uLHj16YNSoUVi2bJmg/LZMt3//9evXodFoDPYzN8eO
HTsE07Nnz9arY97e3ujevTvuvPNOHDx4ENXV1Rg0aJDB7bVnXWhLnW2PerJ582bBDV9zzeUbj+/w
4cOxePFiFBcXQ61W44cffsCrr75q8rNty3GwFW3ZB2se58GDB+PYsWPQaDSIiYnBjBkz9ILFXl5e
iIiIQFhYGL7//nvt/KSkJEGAA2jIpdNYLt0upAqFolWtChpv0gcNGoSZM2cKuiL6+PggNjZWkI9p
x44d2qBi37598dBDD0EqlWrX8fX1Rc+ePfH9998LWjft3Lmz2QBHe9X1xiBjW8+vgHU+CyIiurWw
i0ozeva8ecGWmXnJotvOyGhovu7p6W7RwAkZ5+fnhxdffLHZi0GgIc9G09fr6+v1mucnJiYKpvft
22fyvVUqFQ4cOKCd9vLyQkxMjMn1Gp9CKhQKPPvss7jzzjsREBAAmUwGuVyOoKAg9OvXT3AhDDQ0
e965c6d2WiKRYN68eUYT08nlctx7772C/S8rK8OePXtMltOYoqIipKSkaKft7Owwd+5cowksPTw8
8Pjjj8PX17dN791eml6gAw2fd1tanzTt4hIcHGw0gCaXyzF8+HCMGzfO4OvtXRdaW2fbo56UlJQI
ngh7eHjgiSeeMHrT5Ofnh0ceeUR7k1dQUIATJ06YfK/WHgdb0tp9sPZxjomJwXPPPYenn34a8+bN
M9oSLj4+XtDyKCcnp926vsXHx+O+++4zmGdJKpVi2rRpgnLV1tbC1dUV999/v8F6IZFIcM899whe
O3PmDOrq6vSWbc+63riuJc6vREREbcUARzOaBjhSU9Mstt3Dh9NQU9PQD5ajp7SvRx55BG5ubiaX
020C2/QJGAD069dP8BT78uXLuHLlitFtnjx5EuXl5drp4cOHm5UcTq1Wa7T98QAAIABJREFUQ6PR
YPbs2QgLCzO5fKPk5GSoVCrt9LBhw/TyRBgikUgwffp0wby9e/c22/feHCkpKYKWK4MHD0Z4eLjJ
9ZycnBAUFNTq921PugEOAK0+ZiqVStBXvrluJ+Zq77rQ2jrbHvUkOTlZ210BaBjm15zWSV27dkXP
nj210+bkJ2jtcbAlbfn9sfZxDg8PN3oz3VSvXr0E0+3VMmzSpElGWz8EBgbCy8tLMC8hIcFol0cX
FxfBfqvVaoN5SNqzrgOWO78SERG1FQMczfDy8kBEREMAIjPzksVacSQl3XwCOnBgXyNLkqU5ODiY
tZxud4OSkhLBtFwux9ChQwXzmj55NqRpclGpVGpWl5ZGMTExgiH4zHH8+HHBdEveLygoSPDUvLKy
sk03BLrJIocMGdLqbdmq1nZFMUQqlQpuRLKysrTDObZGR9SF1tTZ9qgnTZ9GKxSKFpUxNjZW+/eF
CxdMJlIEWnccbE1r9qG9j7MpPj4+gmnd3/SOpJu/xJxAku6oRoZ+H9r7M7DU+ZWIiKitGOAwYsKE
kdq/V6/egOrqGiNLm/btt2tQUtJwIRIREcoWHDbK0dFRMF1dXa23zLBhwwQ3tampqXoZ4RuVlJTg
9OnT2un+/fvDxcXF7PKMHTvW7GWBhovdwsJC7bSTk5PR7giGREdHC6YbE9+1VEVFhSCngoODg2if
ZhtTWVmpN6+54X/NERcXp/27uroaH330EU6dOtXim72OqgstrbPtUU90j0V4eHiLPqOmT9qrqqrM
ujFr6XGwRW39/WmP42yK7s23od/0jqJbNnNaWZg6R9niZ9DInPMrERFRWzDJqBGRkaGIiAhFVtYl
lJSUYcmS5Zg370E4OipMr6zj8OE0nDp1TjutUJgedYM6hu7T+KbNfBt5eXmhZ8+eSE9PB9Aw0sTh
w4cNJg49ePCg4MZ0+PDhLSqPqZFWdOkOSRgcHNyi9QHoNfnPy8tr8TYMrRccHGzR1g62QnfYVYlE
0qbErLfffjvS09O1F/9FRUX44osv4OPjg4SEBPTu3VvvKa4hHVUXWlpn26OeNCZwbHT69Gk888wz
rd5eZWWlXvcCXS09DraopfvQEce5pSzRKsRSdOu5OfXe1DnKlj8Dc86vREREbcEAhwkPPzwDH374
FUpKypCbm48lS5ZjzpwZLUoOum3bHvz+e7J2WqMBTp06j9WrN2LWrMnWKDa1g8TERG2AA2jopqIb
4FCr1fjjjz+008HBwWblFWgL3dYErbnR1l2ntQkzdcvi6uraqu3YusbhERs1DmfaWl5eXnjqqaew
fPlyQULE69evY/Pmzdi8eTP8/f0xePBgDBw4sNnEgbZUF4xpj3pi6XI312LrVtdRx7m4uBhnz57F
lStXUFBQgNLSUty4cQN1dXWCHDS3AtZ1IiK6lTHAYYKjowIPPzwDixcvR01NLXJz8/Hhh18hMTEB
I0YMMtqaIzPzEpKS9gjyd8TGdkdW1mXU1NRqk5cyyCFOPXr0gJ+fn/YGNDc3F9nZ2YIAxpkzZwTN
e80ZGratdC9GjSWsa47uOq1tRqxbFnP7aYtNZmamYNoS3StCQkKwYMECJCcnIzk5GcXFxYLX8/Pz
sXHjRvz6668YO3Ysxo0bp/e52VJdMKY96oklnxRLJJI2J3/trNrzONfW1mL//v04cOBAq1uZdUas
60REdCtjgMMMQUEBeOGFuVi2bC3y8vJRU1OLpKQ9SErag549oxAUFAAvL3d4enogM/MSiotLkZl5
UZtvo9HMmZMxcGAf5OZe0wZMGOQQLzs7OyQmJuLHH3/Uztu3b58gwNE0uahCocCAAQOsXi6FQhh0
a81oHrrr6PabNpdMJvyJ6YxPUquqqvRG0YmKimpm6ZaRyWQYPXo0brvtNmRlZSEtLQ0nTpwQBDtU
KhW2bduG9PR0PPPMM4IRXWypLhjTHvVEtyVKYmJis0PrmmJvb2+V49AZtNdxTk1Nxbp165jDwQDW
dSIiupUxwGEmLy8PPPnkg0hOPoi9ew9qh3rNyDiLjIyzRteNiAjFhAkjtUlFg4IC8OSTDzLI0QkM
HDgQmzZt0g7refToUUyfPh3Ozs4oLy9HRkaGdllTw/9ZiiW6FOiu09p8Ero32E2HP+0s/vjjD8ET
U7lcLhhm0RLs7OwQGRmJyMhITJ8+HVlZWdi7dy+OHj2qzSeQm5uL9evXY/bs2dr1bKkuGNMe9US3
3EqlstmuPdR67XGct27dii1btgjmSSQSREREICwsDAEBAfDw8ICrqytkMhmuXLmC7777zqJlsGWs
60REdCtjgKMFHB0VmDBhJBITByMpaQ8uXLiEvLx8g8sqFA6IjAxFYmKCwdFSGOToHBwdHTFo0CDs
3bsXQMOT50OHDuG2227DoUOHBDe+w4YNa5cy+fn5CaZzc3NbvA3d5t7mJLQ0xM3NTTDdNLN/Z6BU
KpGcnCyYN2LECKs/8YyIiEBERAQSEhLwxRdfaFs8pKam4u6779YG0mypLhjTHvXE398fcrlc2yIl
JyfH4u9B1j/O58+fFwQ3ZDIZxo8fjxEjRjQbfCstLbVoGWwd6zoREd3KGOBoBUdHBaZMmQAAKC4u
RUlJGYqLS1FcXIpu3Rr63pszBCyDHJ3D8OHDtQEOoCHZ6KhRowTJRXv06AF/f/92KY+Hhwd8fHy0
mfQrKyuRm5urNxqGMWfPClsldevWrVVlCQoKgp2dnbaVQWFhIWpraztNLo7NmzcLcqzI5XKMHj26
3d4/KioKCQkJSElJAQDU19ejqKgIgYGBAGyrLhjTHvVEJpMhPDwc5841jGZ15coV3Lhxo0VDNpNp
1j7Ou3fvFkw/9thjiImJsci2OwvWdSIiupW1Ps0/AWjouhIZGYqBA/tou6GYE9xo1BjkUCgaLuRT
U9OwevVGaxWXrCAwMBDdu3fXThcUFODAgQOCp9AtHRq2rXr37i2YPnDggNnr5uXl4eLFi9ppR0dH
REREtKoccrlccDOtVqtx8uRJs9bVaDSoqKho1fu2h/T0dL2brfHjx+u1RrA23eEbpVKpYNpW6oIx
7VVP+vTpI1hPt/UNWYY1j/OlSzeTdvv7+zO40QzWdSIiulUxwGEDGOQQP93RUTZv3qz9283NDb16
9WrX8owcOVIwTGlycrJZ3RM0Gg1+/vlnwbwRI0a0KXdIfHy8YPr333/XPqk3ZtOmTcjKymr1+1rT
wYMHsXTpUsF+xMbGYvz48RZ7D3OOEQBBAEIqleqNeGBLdcGY9qgngwcPFnRj2L59O65evWp2GVUq
FYfMNIM1j3PTBLTm1A+1Wo0jR46Y/d66CW/F+nl3hrreWT4LIiJqXwxw2AgGOcStV69egiRuTZ8o
Dx8+XO+purV5enpi1KhR2mm1Wo3FixcbvcBVKpVYtWqVoEuCq6urYDutMXDgQMGFak5ODn766adm
b06USiVWrlyJ7du3t+l9raGgoADffPMNVqxYIcivEhgY+P/s3Xd4VFX6B/DvJDMpk4R00kiDmEAg
gDQpERFEirLrWlBXBdfeERXb6sq6u+4qIOqqu6iwlnV1sXcXCxB6NSS0QEglvZIyaVN+f8wvN3OT
yWSSzMy9d/L9PA8Pcyczk3Mnc99z573nvAfLli2DSqVyyO/573//i1WrVuHbb7+1ufLJ0aNHRYVs
k5OTeyQg5PRZsMUVnxMvLy9cdtllwrZer8drr72G06dP23yewWDAnj17sHr1ajzzzDNckrQPznyf
LUcsVVZW4uTJk72+XkVFBV577TXRalZ96T6NIzc3t8djGhoa7H49qbjDZ91d/hZERORarMEhI6zJ
oVyenp5IT0/HN998I7rfw8MDM2bMkKRNS5YswZkzZ4Qh3Q0NDVi7di2mTp2KCRMmICwsDBqNBk1N
TThz5gx27dolmlajUqmwfPnyQc/bDgwMxKWXXioqDJiRkYHi4mKkp6djxIgR8PLyQn19Pc6cOYMd
O3bg3Llz0Gg0OO+883D8+PFB/X5bGhsbe00+mUwm6HQ6NDY2oqSkBNnZ2cjLy+vxhTs1NRU333xz
j5VABurYsWNCTY3vv/8eu3fvRnp6OpKTk4UkWk1NDQ4dOoS9e/eK2rNw4UKrrymXz4ItrvqcpKen
IycnB0eOmONrc3Mz/v73v2PcuHGYOHEiYmJi4OvrK9QzOX36NPbv3y/6IvXRRx/hgQcecOwb4Gac
9T6PGzdOtCzzxo0bMW/ePKSmpsLf3x9NTU2orKzEkSNHkJ2dDaPRiMTERJSWltq1Ok9CQoJo++jR
o/j6668xZcoUtLe34+DBg8jIyMDSpUsxc+bMwbxFTqf0z7o7/S2IiMh1mOCQGWtJDl9fb6GoKcnX
jBkz8P3334uGUI8fP16y5fk8PT1x9913Y+PGjcJVO6PRiH379mHfvn02n+vl5YXly5cjOTnZIW25
5JJLkJ+fjxMnTgj35efnIz8/3+rjvb29cfvtt6OhocGpCY5169YN+LleXl6YP38+5s+fL5oCMljB
wcEIDQ1FTU0NAHMy4ttvv+2xLGZ3V1xxBRITE63+TE6fBVtc9TlZtmwZ3n//fRw+fFi4r/tomN5E
RETg+uuvt/t3DWXOeJ8vuugi7NixQ1i+uK2tzebxkZaWhptvvhmvvvpqr58jS1FRUUhKShKNFtiy
ZQu2bNkietyXX36JCRMmOGXZZEdS8mfd3f4WRETkGpyiIkPdp6uUlFhfipbkZdiwYaLCbkDP2hyu
ptVqcffdd2PJkiV2jzAYPXo0HnroIYfWDVGr1bjtttvsGs0ycuRIPPbYY0hOTkZoaKjD2uAoXl5e
mDNnDp555hksWLDAockNwLyiyKpVqzB79my7Xtvf3x8333xzn6u3yOWzYIurPicajQbLly/H0qVL
ERAQYNdzAgIC8Jvf/AarVq1CeHh4v37fUOWM91mr1eKuu+7qs5ivt7c3rrnmGtx22209itj25YYb
bkBwcLDNxyQnJztsSpozKf2z7k5/CyIicg2O4JCpziRHdnYO0tJSpG4O2am+vl64HRER4ZQlNftL
rVZj/vz5mDVrFrKysnD8+HGUlpaisbER7e3t8Pf3R0hICM477zyMGzeux7BgR9FoNLj++usxa9Ys
7N+/Hzk5Oaivr4der0dQUBDi4+MxefJkjBs3TjhZHTFiBKKioiSbB67RaKDVahEWFoaYmBgkJSUh
NTXVaYU2O2m1Wlx99dWYO3cujhw5gmPHjqG6uhoNDQ3w9PSEv78/4uLiMGbMGEyePBkajcau15XL
Z8EWV31OVCoV0tPTMW3aNOG9KC4uRmNjI9ra2uDv74/AwECMHDkSycnJSElJsft9pi7OeJ/j4uLw
5JNPYseOHcjOzkZFRQUMBgMCAwMRGhqKCRMm4PzzzxdNqZowYQIyMzPR3NzcZ5tDQ0Px6KOPYuvW
rcjKykJNTQ1UKpVwbFxwwQWIi4sb9HvjKkr+rLvb34KIiJxPZbK3VL+LmEwmmEwmGI1GGI1GGAwG
6PV6tLW1oaWlBbGxsVI3kciqgoICvPjii8L21VdfjdmzZ0vYIiIiIiIiooErLi6Gr68vvL29oVar
4enpCQ8PD3h4eEClUsluFB2nqBA5yNatW4XbXl5emDp1qoStISIiIiIiGlqY4CBygNraWqFSPWBe
8tLX11fCFhEREREREQ0tTHAQOUBGRgaMRqOwnZ6eLmFriIiIiIiIhh4mOIgGqa2tDbt37xa2ExMT
ERMTI2GLiIiIiIiIhh4mOIgGac+ePWhtbRW2pV4aloiIiIiIaChigoNoEIxGI7Zt2yZs+/n5YcKE
CRK2iIiIiIiIaGhigoNoELKyslBbWwsAUKvV+M1vfgONRiNxq4iIiIiIiIYelclkMkndCEsmkwkm
kwlGoxFGoxEGgwF6vR5tbW1oaWlBbGys1E0kIiIiIiIicnvFxcXw9fWFt7c31Go1PD094eHhAQ8P
D6hUKqhUKqmbKMIRHERERERERESkeExwEBEREREREZHiMcFBRERERERERIrHBAcRERERERERKR4T
HERERERERESkeExwEBEREREREZHiMcFBRERERERERIrHBAcRERERERERKR4THERERERERESkeExw
EBEREREREZHiMcFBRERERERERIrHBAcRERERERERKR4THERERERERESkeExwEBEREREREZHiMcFB
RERERERERIrHBAcRERERERERKR4THERERERERESkeExwEBEREREREZHiMcFBRERERERERIrHBAcR
ERERERERKR4THERERERERESkeExwEBEREREREZHiMcFBRERERERERIrHBAcRERERERERKR4THERE
RERERESkeExwEBEREREREZHiMcFBRERERERERIrHBAcRERERERERKR4THERERERERESkeExwEBER
EREREZHiKS7BodfrpW4CERERERERkVtT4ndvxSQ4VCoVPDw80NbWJnVTiIiIiIiIiNxaW1sbPDw8
oFKppG6K3RSR4FCpVMKb2tLSInFriIiIiIiIiNxb53dvy+/jcifbBEfnm9j5z9PTE2q1GjqdTuqm
EREREREREbk1nU4HtVoNT0/PHt/P5UqWCQ7LN6x7ksPDwwN1dXUSto6IiIiIiIjIfdXV1cHDw6NH
cqOTXJMcsktwdL5R3TNEHh4eUKvVUKvVaGhoQGtrq8QtJSIiIiIiInIvra2taGhoEL5/d9bh6J7o
kGOSQ3YJDkvdExweHh7QaDTQaDSorq5WZFVXIiIiIiIiIjnS6/Worq4Wvnd3fg9XwvQUQMYJDsus
UOcb2jmKQ6PRAADKy8s5koOIiIiIiIhokFpbW1FeXg4A0Gg0otEblqupyDnJoTKZTCapG2GNyWQS
/hmNRuGfwWCAwWBAe3s7Ojo60NHRgWHDhiE4OFjqJhMREREREREpTl1dHRoaGoSRG15eXvD09BTq
YCplJIesExyd/xuNRuF/g8Eg/K/X64V/RqMRWq0Wvr6+8PLyglqtlngPiIiIiIiIiORHr9ejvb0d
LS0t0Ol0opqXnSundBYZVdIoDtkmOADxKI7eRnMYjUYhwdG5TURERERERES2WSYxOqek2Bq1IefR
GwAg62EO1t44Dw8P0c+NRiM8PT1hMplgMBgg43wNERERERERkWyoVCrRUrCWozWUltwAZJ7gAHpP
cqhUKphMJuF/k8kkJDqIiIiIiIiIyDbLKSeWCY7e/smd7BMcgPhN7z5lpfM+AExuEBEREREREfVD
9ySHtaSGEpIbgMxrcHTXPZHRmeSwvI+IiIiIiIiI7Nc9ydH9PqVQVIIDECcymNwgIiIiIiIiGjxr
CQ0lJTcABSY4OllrtkJ3hYiIiIiIiEgS1pIYSktsdFJsgqM7N9kNIiIiIiIiIpdSakKjO0UUGbWH
u/xBiIiIiIiIiKj/PKRuABERERERERHRYDHBQURERERERESKxwQHERERERERESkeExxERERERERE
pHhMcBARERERERGR4jHBQURERERERESKxwQHERERERERESkeExxEREREREREpHhMcBARERERERGR
4jHBQURERERERESKxwQHERERERERESkeExxEREREREREpHhMcBARERERERGR4jHBQURERERERESK
xwQHERERERERESkeExxEREREREREpHhMcBARERERERGR4jHBQURERERERESKxwQHERERERERESke
ExxEREREREREpHhMcBARERERERGR4jHBQURERERERESKxwQHERERERERESkeExxEREREREREpHhM
cBARERERERGR4jHBQURERERERESKxwQHERERERERESkeExxEREREREREpHhMcBARERERERGR4jHB
QURERERERESKxwQHERERERERESkeExxEREREREREpHhMcBARERERERGR4jHBQURERERERESKxwQH
ERERERERESmeWuoGDCV6vR5NTTo0NjZDp2tBa2sbWlvb0NbWjo4OPfR6AwwGA0wmk9RNJSKZU6lU
8PT0hFrtCY1GDW9vL/j4eMPHxxtarS8CAvzg76+FWs0wP5Sx3yGSD8ZtsgfjNrkzV8RBlYlHh9M0
Njajru7c//9rQHOzTuomEdEQ4+enRXDwMAQHByI4OBABAX5SN4mciP0OkfIxbg8tjNtEPQ0mDjLB
4WAVFdWorKxBdXUtdLpWu56j0ajh5aURslmACiqVc9tJRMpljtom4SpOe3sHOjr0dj1Xq/VBWFgI
hg8PRUREmFPbSa7BfodI/hi3yRLjNg1FroqDTHA4QHV1HUpLK1BWVgW93vofSa32xLBhARg2zB8B
AX7Qan2h1frAx8cbHh4shUJEg2M0GtHa2gadrhU6XQsaG5vR0NCEhoZG6PUGq89Rq9WIigpHdHQE
wsKCXdxiGgz2O0TKx7g9tDBuE/XkjDjIBMcAdXToUVRUiuLiMqtDydRqT4SFhSA0NAjBwYEIDAyQ
oJVERMC5c42oqzuHmpp6VFfXWu0w/Py0iI2NQlxcNDQazv+WI/Y7REMH47Z7YNwmGriBxkEmOPpJ
p2tFQUExCgpKehT38fLyQlRUOCIiwhAeHiJRC4mIbKuqqkVFRTXKyqrQ3t4u+plKpUJCQgwSEmKh
1fpI1EKyxH6HiBi3lYVxm8jx7I2DTHDYqaWlFXl5RSgoKOnxs8jIcMTERCAyMlyClhERDVx5eRVK
SipQXl7V42cJCTEYOTIOvr48YZYC+x0isoZxW74Yt4lcw1YcZIKjDyaTCadO5SM3t1B0v1rtifj4
EYiLi4JW6ytR64iIHEOna0FRURkKC8/2GAKYlBSP5OREqFjNzCXY7xCRPRi35YNxm0ga1uIgExw2
lJRU4NSpPFF1Y41GjZEjY5GYGAdPTxb7ISL3YjAYkZ9fhLy8YlFla63WB8nJIxETEyFh69wf+x0i
6i/GbWkxbhNJzzIOMsFhRUtLK06cOIOyskrR/UlJ8UhKSmCgIiK3ZzAYkZtb0ONqVFTUcIwZM4rD
nx2M/Q4RDRbjtmsxbhPJj8FgZIKju+LiMhw/nitavikmJgLJyYkcWkZEQ45O14JTp/JRUlIh3KdW
q5GamoTY2CgJW+Y+2O8QkSMxbjsf4zaRfDHBYSE7OwdFRaXCtp+fL0aPHsViQEQ05JWXV+HkyTNo
bm4R7ouLi0ZaWoqErVI+9jtE5CyM287BuE0kb0xwAGhsbEZW1knU1zcI98XHxyA1NQkeHhxeRkQE
AEajEceP56KwsKs6fFDQMIwfPxoBAX4Stkx52O8QkSswbjsO4zaRMgz5BEdFRTUyM08IQ8zUak+k
paUgOpoFmYiIrCktrUB2do5QrVqtVmPixDGIiAiTuGXKwH6HiFyNcXtwGLeJlGNIJziKikqRnZ0j
bIeEBGL8+NHw89NK2CoiIvlrbtYhK+skamvPCfelpaUgLi5awlbJH/sdIpIK4/bAMG4TKcuQTXDk
5hYiJydP2B4xIhITJoyRsEVERMpz5MgJnD1bLmynpIxEUlK8hC2SL/Y7RCQHjNv2Y9wmUp4hmeDI
yckTLaGVlBSPlJSREraIiEi5GFP7xveIiOSEMalvfI+IlGnIJTi6B6vU1CQkJsZK2CIiIuXLzy/G
8eO5wjZPBLuw3yEiOWLc7h3jNpFyDamSv7m5haJglZaWwmBFROQAiYmxoqUHu8fboYr9DhHJFeO2
dYzbRMo2ZBIcRUWlojl0LKpERORYcXHRopPlnJw8FBWVStgiabHfISK5Y9wWY9wmUr4hkeCoqKgW
VT9OTU1isCIicoK4uGikpiYJ29nZOaioqJawRdJgv0NESsG4bca4TeQe3D7B0djYjMzME8J2UlI8
h5kRETlRYmKsqCJ/ZuYJNDY2S9gi12K/Q0RKw7jNuE3kLtw+wZGVdRJ6vR6AeWknFk8iInK+lJSR
GDEiEgCg1+uRlXVS4ha5DvsdIlIixm3GbSJ34NYJjuzsHNTXNwAAQkICuW41EZELTZgwBiEhgQCA
+voG0dBfd8V+h4iUjHGbcZtI6dw2wVFcXCYUSVKrPTF+/GiJW0RENPSMHz8aarUnAHPxtuLiMolb
5Dzsd4jIHTBuE5GSuWWCo6WlVbSud1paCvz8tBK2iIhoaPLz04oq9B8/nouWllYJW+Qc7HeIyF0w
bhORkrllguPEiTPCPLr4+BhER0dI3CIioqErOjoC8fExAMzzuk+cOCNxixyP/Q4RuRPGbSJSKrdL
cJSUVKCsrBIA4OfnK1r2ioiIpJGamgQ/P18AQFlZJUpKKiRukeOw3yEid8S4TURK5FYJDpPJhFOn
8oTt0aNHwcPDrXaRiEiRPDw8MHr0KGH71Kk8mEwmCVvkGOx3iMhdMW4TkRK51dF86lQ+dDrzHMGY
mAhERoZL3CIiIuoUGRmOmBjzEGCdrhWnTuVL3KLBY79DRO6McZuIlMZtEhwtLa3IzS0UtpOTEyVs
DRERWWMZm3NzCxVduI79DhENBYzbRKQkbpPgyMsrEm4nJcVDq/WVsDVERGSNVuuLpKR4YdsydisN
+x0iGgoYt4lISdwiwaHTtaKgoAQAoNGokZSUIHGLiIioN0lJCdBo1ACAgoISYaiwkrDfIaKhhHGb
iJTCLRIcBQXFwu2RI2Ph6ekWu0VE5JY8PT0wcmSssG0Zw5WC/Q4RDSWM20SkFIo/sjs69EI2Vq32
RGJinMQtIiKiviQmxkGt9gRgvhrY0aGXuEX2Y79DREMR4zYRKYHiExxFRaXCklXx8SOYjSUiUgBP
Tw/Ex48AYF6yr6ioVOIW2Y/9DhENRYzbRKQEij+6i4vLhNtxcVEStoSIiPrDMmZbxnK5Y79DREMV
4zYRyZ2iExzV1XVobtYBMK/TzUrIRETKodX6IjIyHADQ3KxDdXWdxC3qG/sdIhrKGLeJSO4UneAo
La0QbsfEREjYEiIiGgjL2G0Z0+WK/Q4RDXWM20QkZ4pOcJSVVQF98eBqAAAgAElEQVQAvLy8hGwy
EREpR2RkOLy8vAB0xXQ5Y79DREMd4zYRyZliExwVFdXQ683Vm6OiGKyIiJSqM4br9XpUVFRL3Jre
sd8hIjJj3CYiuVJL3YCBqqysEW5HRIRJ2BIiIhqMiIgwFBaal++rrKyRbUxnv+NajY2NKC4+K2wn
JibA15dz50neTCYTTpw4KWyHhYVh+HD3+2LNuE00cEMlTkhFsQmO6upaAOa1rMPDQyRuDRERDVR4
eAjUak/o9QYhtssR+53etbS0wNvbGx4ejhsYeuzYCTz55NPC9oYNr+G885Ic9vpKptfrodPpoNVq
oVYr9lTOLen1etx334PC9m23/Q6//e11ErbIORi3pWEwGKDT6eDpqWaxVBnrq08cKnFCKorsFRsb
m6HTtQIAwsKUE6zefHMTCgoKAZjXEl+58gEEBwf36zWam5vx3HMvCNtz5szG/PnzHNpOkobl5yM4
OAiPPLJS4hYRuU5YWAjKy6ug07WisbEZAQF+UjdJREn9Tk7OKbz77vvC9qRJE3HVVb8Z8Ou9+eZG
FBQUCdsrVtwnXGkymUz429/W4IcffoK/vz+effYPmDhxwsAbT1adO3cOO3fuxq5du3HyZA7q688J
PwsI8Mf48WmYPHkS5s+fBz8/eR075L4Yt51Pr9djz5592LFjJ7KyjqKyslL4mVqtRkJCAiZPPh9z
585hAribsrJyvPrqPwAAI0bE4O677+jxGMtz74G65porhX6PfaI8KDLBUVfX1bGHhgZJ2JL+OXHi
BDIzs4RtLy8vPPXUE/16jY4OPfbs2Stsn3feKIe1j6Rl+fmIjGSVbxpaQkODUF5uLgRXV3dOdifK
Sup3EhLikZWVjebmZgDm2HLFFb+Cp6dnv1+rvv4cPvzwI5hMJgDmaSKWw2hzc8/ghx9+AgA0NTXh
X/96Fy+/vM4Be0GA+WrtV199g02b3kFTU5PVxzQ2NmHXrj3YtWsPNm16B3fccSsuv3yxi1tKQxHj
tnP98ksm1qx5EeXl1leq0ev1yM3NRW5uLv77348we3Y6Vq58AIGBgS5uqTxt2fKj8J3p3nvvsvqY
7t/NBmLu3DnCbfaJ8qD4BEdwsHIP4p9/3oY5cy5CevpMqZtCZLf29na88cZGYTs9fSaz0zRolrG8
ru4c4uKiJWxNT0rqd7y9vTFv3sX48suvAZiTFJmZWZg8+fx+v9auXbuF5AYALF68sMfvsuTr6zOA
FpM1HR0deO6557F9+44eP/P09ERAQACampqEAoqA+YT6xRdfRn5+Ae6//x5XNpf6yR36UsZt5/nq
q2+wfv0rPe7vPPY7OjqEJHanjIydOH06F2vX/g1RUVGuaqpDOPp4MBqN+O677wGY37OLL57TxzMc
wxl9ojvECldTaIKjAYB5Pl1gYIDErRmcl156BRMmpCEgQNn7QUOHXq/Hp59+LmzHxEQz0PZTU1MT
/ve/HwAAs2bNlGzETmbmERw5ko0JE9Ik/xsGBgYI87k7Y7ycKK3fueSSuUKCAwC2b88YUILjp59+
Fm6rVCrMmTNb9PO4uFjcc8+d+O67/yEkJAT33GP9Khn1j8lkwrPP/gW7du0R7hs2bBhuvPF6zJo1
AxEREcLc7tLSMuzevQfvvfcfNDY2AgA+++wLREdHDWpqEjmXO/SljNvOsX//QVFyQ61W47rrrsHc
uRcjLi5WOPZ1uhacOHECH3/8Gfbt2w/APC3jySf/gFdffUlR09UcfTwcOnQYlZXm0UXp6TMREtJ3
SYCQkGA89dST/f5dcXGxotuO7hPdIVa4muISHHq9Hs3NOgDAsGHKCVa9qa2tw4YNb7HeAtEQ0dTU
hNtvvwcVFeYhp2+//R7Wr1+DpCTXTjd7/vm1QpIFAK688grcd9/dLm1Dd8OGBaC2th7NzTro9XrZ
FE9UYr8zdmwqYmKiUVJSCgDYunU77rvvbnh5edn9GpWVVaKhu9OmTUVoaGiPx1199ZW4+uorB99o
EnzxxVei5EZa2jisXv2U1bpd0dFRuPrqKzFz5gw89NAq4aR+w4a3MHPmDERFRbqs3TT0MG47ltFo
xEsvdSU3vL29sHbt8xg7NrXHY7VaX0yePAmTJp2P9977D95++10AQGFhEf7znw9x++23uqzdcmN5
frNw4aV2PcfLywsTJ44f9O9mnyg9x5U7d5GmJp1we9gwfwlb4jjffvs9Dhw4KHUziMgFPv74MyG5
AZgLB69cuQq5uWdc1obuyQ0A+PTTz3ud4+8qljHdMtZLTYn9jkqlEp3UNTc34/DhzH69xo4dO0Xb
CxbMd0jbyLaamhr84x9vCNsxMdH4859X91mUPDo6Co8++rCwrdfr8f77HzitnUQA47ajZWUdFdXc
uP7666wmNyypVCrcdNNvMXnyJOG+jz76FI2N0vbpUjl37hwyMsz9V0hIsOh9oaFBcQmOxsau+WZy
K2bUH97e3qIs97p1L0Onk0/HQETOYa1YmCuTHNaSG516K2TmKpYx3TLWS02p/c7cuReLtrdu3dav
53cWSgPMVwpnzLjAIe0i27755nt0dHQI2/fcc5fd01gnTTpfNHT5p5+2orW11eFtJOrEuO1YZ86I
zwPsrdOnUqlEU9L0ej0OHTrs0LYpxdat24XaRIsXL5LNqCJyHcX9xXW6FuG2ktd/Dg4OwuLFC7Fp
0zsAgMrKSmzc+LbTioKZTCYcPHgIu3fvxbFjx1FdXQODQY+wsDCMHJmIGTOmY9asGT2K41jS6Vqw
adPbwvacObMxbtxYm7/3nXfeEzLIy5ffhICA3rPoNTW1+OCD/wrbv/rV5aJ5bQPhiP3uVFhYhK++
+kbYvvnmm+Dn54dt2zLw/ff/Q15ePlpb23D99UtluZZ1ZWUlfvzxZ2RmZqGoqBgNDQ3w8fFBRMRw
jBs3FnPnzsGYMaOtPvfDDzejuroGAKDXd4h+tm1bhjAMHgCWLLkM8fFxNtuSmXkEP/20FVlZ2aiu
roGvrw/CwsIwfnwaLrxwFtLSxtl8vpL/FunpM7FlS88EQ2eSw5nTVWwlNyIihrt8mkx3ljHdMtZL
Tan9TlRUJCZOHC9MM8nI2ImVKx+Aj0/fRc+Ki8/i1KnTwvYll8y1GieNRiNef32DsD1t2lRMmzal
z9c/e/Ystmz5Cfv3HxASa8OHhwtLnY4cmdjna1gz2NjSnSP7EHsYjUZ88cVXwnZiYkK/E0uXXDIX
mZlHAABtbW3Izj6KqVNt/02c2Vfec8+d8PDwwLlz5/Dzz9uwc+dulJSUoLGxCUFBQRg7dgwuuWQu
pk6dApVK1efrm0wmHDp0GBkZO3H8+AlUVVVDr9cjKCgQo0aNxKRJ52PevLk2zzcA83LKlkm8vs5R
APOI27y8fABAWFgorrtuaZ/tteTovlQOGLcdq6GhUbQdGDjM7ud2Xya2uLi4z+dIeZ7srOPhm2++
E27Pnz/Pruc4ykD7xO4c+d7I4ZzbUXHbXopLcLS2tgm3tVplV2u/9tprsG1bhtBZfvbZF5gzZ3a/
T8D6UlBQiBdffBlHjx7r8bPGxibk5xfgp5+2IjIyAg88cB+mT59m9XW0Wl8cPHgIRUXmgKnXd9hM
cJSXV+Cdd/4tbI8bN7ZHgTpLmZlHhCI6KpUKy5ffZNf+9cZR+92poqJSVOTnV7+6HGvXrheGwXWy
XKNcDjo6OvDOO//GBx/8V7QaAgC0traivr4eOTmn8MknnyE9fRYeeugBBAWJl1PbunU7Tp/Otfr6
2dlHkZ19VNieNm1qr4G2vLwCa9a8iF9+EQ+Vb2lpQW1tHU6dOo2PP/4Uc+bMxsqVK3oNdEr9WwDm
BMell853eZLDVnLDz0+LP/1ptUN/30BYxnTLWC81Jfc7CxZcKiQ42trasH//Qcyend7n8zIyxCt3
zJs31+rjDAaD6FgMCQm2eTJnMpmwefPH2LjxbdHqHwDQ0NCA3Nwz2Lz5Y1xzzZVIS0vrs52dHBVb
LDm6D7FHYWER6urqhO2BnJx3H85eUFBoM8Hh7L7ylltuxoED5qKJDQ3iQpQtLS0oKyvDjz/+jPT0
mXj88UdtfhktKyvH3/62RtTniF+rHDt37sZbb23Cgw8+gEsusf65BYCzZ0tE7bz22mv6/FwcOHAI
27dnADB/mexvgsNRfamcMG47VveERlFRsdXaR9YEBweJliTt63lSnyc743jIyTmFM2fyAJhrF8XG
jujzOY7U3z6xN454b+Ryzu3IuG0vxU1RsQxYPj6OuWIiFY1Gg1WrHhJdsVizZj3a2hzXQRw/fgL3
37+yR/Dy9vaGv7/4g1xeXoHf//4PoixddzNnzhBu79t3wObv3rt3n2h7167dNh/fecUJACZMGD+o
LJ6j99uav//9tR4HNwCoVPI5rNra2vD003/Ef/7zoSi5oVarERUV1eM93rlzFx555HGnzNs8fToX
d911X49AGxAQAG9vceHDbdsy8NRTz9h9LCjhb2Hp8ccfwaWXWq9n4IzpKn0lN9avXyv56A1AHNPl
eqKstH4nPX2m6PjaunW7Xc+zvLIdFRXV52g9e23a9DY2bHirR3LDkjkJ8glef/2fdr2mM2KLK/oQ
a3JyTom2+5p7b01cXCzeeWej8M/WyaIr9vOzzz7HH//45x7Jje527tyNF198qdefl5WV4YEHHupx
kuzv749hw8RfCnW6Fjz33PP4/PMv+9VW6j/GbccaPTpFtP2vf72L9vZ2u57r4eGBtLRxwr/o6N6X
inXX8+QtW34Ubl922SKn/R65k8s5t1RxW3EjONrazAe5RqMWlklSspSUZFx33VJhasbZs2fx7rv/
dkjl4+rqajzxxFPCOtkqlQo33vhbLFq0QFiWsqGhATt27MIbb7yFxsYmmEwmrF//CiIiIqxmHKdN
m4IPP9wMwJzRKy0t6zWA7twpTmjs3r0X7e3tvVbxP3jwkHB75szp/d/h/+eM/bbm0KFfAJgz5PPm
XYyoqEiYTCZEREiz5Kc1b731L+zf35WImjlzBpYvvxGjRo2Eh4cHTCYT8vMLsGHDmzhwwPz+5+Xl
47333sc999wpPG/t2udhMBgAmLOtN9ywXPjZbbf9DosXd3Ui/v4957rW1NTiySefFk5wvb29cMst
N2P+/EsQFGRem764+Cw2b/5YGFqYnX0U77//AW655eY+91MJf4vuHn/8EQCwOZLjzTf/MeglZJWS
3ADMJ2cajRodHXoh1suBkvsdPz8/zJ59oZCw2LVrN5qamnqcwFo6fTpXGKkHAIsXL7Br6kBf9u7d
j/ff/1DY9vb2wrJlN2HOnAsRHh6OtrY2FBYW4csvv8aWLT+irKy8z9d0RmxxVR9izdmzJaLtgVzB
V6lUdl21dNV+btxonto6fnwabrjhOiQnn4eAgABUV9dg+/YMvPXWv4SaIz//vA3XXntNj6H2APD8
8+tQU1MjtPXWW2/GokULhOKrjY1N+PnnrfjnP98UTtT//vfXMX582oCnPDnaYPtSOWLcdqwxY0Yj
KSkJubnmq/dHjx7D448/hVWrViIqqveERX/I5TzZ0cdDW1ubkODw8fFBevosu9opR4N5b+R0zi1V
3FZcgqOjw3zVx8tLI3FLHGfZshuwc+cuFBefBQB8+OFHmD37QqSkJA/qddete1m4Eq9SqfDXv/65
R1AaNmwYLrtsESZNmoh7730Q9fX1AIAXXliLd97Z2GMN7bFjU+Hj4yMULTtyJMtqguPcuXNWh0Rl
Zx+1Ws24rKwMFRVdQ5sGU/HYGfvdm6uu+g3uvPM2WRYwKi+vEA0pW7LkMjz44P2iLyoqlQojRybi
z3/+I+6/f6Uw5/7rr7/F7bffAo3GfJxZjvTofuz5+voKAbM3r776OmpqagGYRy6tW/cCUlPHiB4T
GzsCDz/8IICu+ZMffvgRliy5HOHhYX3ur5z/Fr3pK8nx9NOrsX79GptfRm1RUnKjk5eXBh0deiHW
y4HS+51LL71ESHDo9Xrs23cA8+Zd3Ovjt28XT0+ZO3fOoNug1+vxyiuvCtsajQYvvbRO1M+p1Wqk
po5BauoYTJgwHmvWvNjn6zojtriyD+muqalr/r1KpbK7uOhAuHI/r732Gtxxx62i/mf48HBcc81V
GD48HH/841+E+3fv3tsjwXHq1GlkZWUL2zfe+Nsec70DAvzx618vQVxcLB5++DEA5tFAn332hfD3
l9pg+1K5Ytx2HJVKhVWrVmLFioeFc+3MzCNYtuxWLFx4KRYvXojRo1MGlXSWy3myo4+HXbv2CEmb
+fPnKar2SneDeW/kcs4tZdxWTkrz/+n15myWp6enxC1xHG9vbzzyyEph22QyYc2aF0VV1PsrJ+cU
9u3bL2xfd91SmxnXqKgorFrV1Yba2jp8993/ejxOo9HgggumCtuHD/9i9fUOHDgkTImIiooU7t+9
e6/Vx2dndw2RGz48HAkJ8b221RZn7bc1F144C/fee5dsv1BnZWWLpqXccMN1vXaIGo0G1157jbDd
2toq1IYZrJycU6IvTHfccWuPQGtp2bIbheNbr9fj55+39vk75P63sMXWdJUzZ/KwcuWqAS3fqsTk
BgCLv71B4pZ0UXq/c/75ExEaGiJs//xz76upmEwm/Phj1/SUiRPHO+Sq4YEDB0Wr9Nx88zKbSfxF
ixbg179eYvM1nRFbXNmHWGNZYFCr1Tpk5Iw1rtzP9PSZuPPO23rdl9mzLxSdUJ88mdPjMd3notta
svj88yeKrtxajg4l52DcdqzzzkvC2rV/Ex0XBoMB33zzHe69dwWuv34Z/vnPN5CVlS1c5beXO58n
f/vt98LtSy+9pN/Pb29vx/HjJ+z+V1lZ5cjmO4SczrmljNuKS3B0HshqtfICli1paeNw5ZVXCNt5
efn44IPNA369777rOsjVajWuvfbqPp8zY8Z00QnnZ599YfVxF1zQVWTowIFDMBqNPR6zc+cu4bbl
qIGMjB09Cl0C5pEgnWbNmjngkzpn7nd3/S0u5mqzZ6fj448/FP6Fh4fbfHz3odDnzp1zSDssv2Rr
tb64/PLFNh8fHh6Giy7qKka7Y8cuG482k/vfoi+PP/6IqL6NpYEkOZSa3AC6Ynt/T9qcSen9joeH
BxYuvFTY3r//QK/H99Gjx0QnbQsWXGr1cf21bVuGcFuj0WDJEttxABD3NdY4I7a4sg+xxvILojOH
1btyP2+88bc2f65SqZCS0lV3oLa2ts/XtFXDBQCuu+4arFhxH1asuE92K2m5I8Ztx0tNHYO33tqA
K674VY8kTWVlJTZv/gQPPvgIrrnmemza9Lbdy7y763lyWVmZcNE1Li7W5pf63tTW1uG++x60+5/l
xQC5kPM5tyvjtuISHF1fjp1zVUNKt9xyMyIihgvb7733/oCvou/ff1C4PWvWzB6FXHpjmV0rKyu3
Ogd6ypSu6SMNDQ092tjW1iZkh6OiIjF16hRMmGCuhl9TUytaerCTZaZuMPOXnbnf3TlqWUBn8fHx
QUhIsPCvr6RR53SUTo4qFrZnT9eonRkzptv1vo0b11VY79Sp030GRbn/Lezx+OOPYNSokVZ/1p8k
h5KTG2bmz6m1RKhU3KHfsVwFxWAw9DqazvLKj7e3F2bNsp546y/LQnYXXDB1wNOuLDkjtriyD5GS
K/fTnqu3lnPIm5qae/y8ewJ+06a3bY5yTU0dg1//egl+/eslWLLksj5/Pw0W47YzBAT444EH7sU7
72zE0qVXWZ0WUl9/Dv/+9we44YblePXVf/RZzNddz5O3bOlKNlx++WKnjX6TOzmdc0sZt5U3ntuN
abW+ePjhB/Hoo08CMJ+Erl27Hn//+/p+DbGrrz8nyuSOH2//srPdM55nzuSJppgAQFhYGJKSRgmr
PGRlZYu+MB0+/ItQ3KkzKzh79oXCUoV79+4TZYLPni1BVVU1APOJ0Pjx9i8NaMnZ++0OWlpaUFhY
hJKSUjQ1NaGtrU04Cairq3f472tsbBLVVgkNDUFhYVGfz7NMtuj1elRVVbvl38OSv78/1q9fg5Ur
VwlLnFnqTHLYqsmh/OQGOUtCQjySk88TEsw//7wVixYtED2m+/DU2bMvdEgiQqdrEZ0Md18lYCCc
EVvk0IeIz8md82VRDvvZneWXEZOp56jQsWNTMWbMaJw4cRIAkJGxE6dP344lSxZj2rSpSEiIV1Qh
SaL+iI6Owl133YHf/W45fvnlCHbu3IWMjJ2iix4mkwmffvo5du7chdWrn7YaZ+V47DuC0WgURqao
VCrMndt7jSlbNBoNzj9/gt2PH2wReEeT2zm3lHFbcQkOlUr1/1/I5JMldqQpUyZj8eKFwjyykydz
8Mknn2Pp0qvsfo3u2VvLUSF9GT5c/Ni6ujqrj5s1a4aQ4Dh06BfR9BrLK4MzZlzw//9PxyuvvAbA
/AFfvvwm4TGWV/YmT54EX9+BFQVyxX4rVXb2UXz66efYtWtPn5lZR+r+Pm7e/Ak2b/6k36/TWTTK
3Q0myeE+yQ1zbJfT1Rd36XcWLVogJDgOH85ETU2tqDZHZuYR1Nd3TV0ZyBxma7ofv93j7UA4I7bI
oQ+xvEKr07UM6DX6Iof97C+VSoVnnvk9nnzyD8Ko0bKyMrzxxka88cZGBAT4Y8qUyZg6dQqmT79A
scU6lYtx2xW8vb0xffo0TJ8+DQ8+eD8OH87Ed999j4yMncLFqsrKKqxa9QRefnldj1UolHjs2+Pw
4V+EqZXp6TMREhI8oNcJDQ3B3/72l74fKFNyO+eWMm4rLt0tx0JGjnbnnbeLDs6NG/8lrLBiD51O
J9rWarV2P7d7xWFrQ0UBcyKm0+HDvwhDjgwGg7A28rBhwzB2rHnYU0TEcCGbnJ9fIFoKz3K1lenT
bc+5tsUV+600HR0dWLPmRaxY8TC2b9/RI7mhUqng6ekp/HM0e9fU7ou9a8C7g84kR1/TVSy5T3JD
noXh3KXfueiiC4V9MZlMolpJgLhORmhoKM4/f6JDfm9Li/iLuo+Pz6Bf0xmxRQ59SGBg1wmewWDo
8d45ghz2cyCGDx+O1157Gffcc6coMQeYr1xu3bodL7ywDldddS2ee+55u65ckmMwbrueWq3GtGlT
8MwzT2HTpjeQltY1GqO5uRlr167vMWVIqcd+X77/fotwe+HCBTYe6d7keM4tVdxW3AgOtdoTer1e
VoWMHC0gwB8rV67A00+vBmD+krp27XqsX7/Grud3r6XQ3m7/aizd50b5+FifZzV6dAoCAvzR2Gie
5nDyZA7S0sbh2LHjaGw0V4GfPTtdNPRozpzZQnX0/fsPYMSIGJhMJhw6dFh4zGCWh3XFfivNc8+9
gO3bu760pKWNw2WXLcLo0SkYPjxc9EWjuPgsli+/1antSUsb12exU2ucuVSiHNkzkuP559fiscce
cavkBiDPwnDu0u8EBQVh5szpQhGxn37aKqxU0tbWhq1btwuPXbToUocNHe1eg8EZo8gcEVvk0IeE
hYWKts+eLemxZOpgyWE/B8rb2xtXX30lrrjiVzh8OBN79+7DwYOHRBdNzCsB/YytW7fjzjtvw9VX
X+nSNg5FjNvSio+Pw5o1f8WqVU8gO/soAPMI8KNHj4kSH0o+9ntz7tw54cJqcHAwpk6d3Mczhg65
nHNLEbcVl+DQaNRobW3r10GpRLNmzcDcuXOE5fyys4/iq6++EVW67U33oev9WQ2j+/C13j7knp6e
mD79Avzwg7moz5Ej2UhLGyeantJ9VYgZM6bjn/98E4B5msqVV16B4uKzqK01D6kaMWIERoyIsbut
3bliv5Vk3779ouTG8uU3YdmyG1w6hNSycBwA/PrXlw94buRQ01eS43//+wGZmVmoqLBeOV2JyQ2g
64RLo5FP9+RO/c6ll84XEhxHjx5DeXkFIiMjcODAIdFoAUcep93jQGcS3JGv6YjYIoc+JDn5PNH2
qVOn+53gqK2tEy6QAMDixQtx2WWLhG057OdgdV697ixKXltbh+zso9i2bbswXN9gMOD11zcgMDAQ
8+fPk6SdQwXjtmMYjUZRQkatVtt9zubl5YXbbvsdVqx4WLjvl1+OiBIc7nDsd7d163Yhab548QKX
LUkrR3I/53Zl3FbcFBVvby8AQEeH3urypO7k3nvvEgWQDRveQnl531WLQ0NDRBVuz5w5Y/fvzMsr
EG1HR0f1+ljxcrEHYTKZkJFhrsDv7e3do1BPbOwIYT5gdvZR1NXVCZlmAIOu1u+q/VaKn37qKhYY
GzvC5ckNwHzF2PJ3FhQUuvT3K11f01XcLblhNBrR0WE+UemM9XLgTv3OtGlTRP1K5zSVrVu3Cfel
pCQjISHeYb8zICBANLw5P7/AxqPt44zYIoc+JDn5PNEJuj1L9nV38uRJnDjR9a/7Sa8c9tPRQkKC
cdFFF+KZZ57Cyy+vE72Hb7/9rtXVPWRULkLRGLcdZ8uWH7FgweXCv87ijPbqniCtrq4Wbbvjsf/N
N98Jt+fPd0zdKKVS2jn3QOK2vRSX4LAcEuWoZSzlKjg4GCtW3Ctst7a2Yv36V/p8nlqtFpZlBcwn
SPZ+SHbv3iPc1mg0Nr8gTZp0vnAgHT16DNnZR4XqzNOnX2B1GaGLLroQgHko0sGDh/HLL0eEnw12
WJmr9lspLJfvHTs2VZLiX76+vqIOtz9/EzLz9/fHY489Aj8/++bKKjW5AYhjulyGvwLu1e9oNBpR
8dAffvgJzc3N2Llzt3Bf99VVBkulUmHcuLHC9t69+wYdB5wRW+TQh3h7e+Piiy8Stg8cOIizZ+2v
wQWIkyLd33tAHvvZHzpdCzIydgr/OosJ9mbcuLG49tqrhe2ysnJUV9f0eJy3t7gWjKPmrw81jNuO
Ex4eJtruT/09oOcyvd2nGSrt2O9LTs4pYYTruHFjERcXK3GLpCWnc25nxW17KTrBodO1StgS15g7
92LRVI/Tp3Ptet6cOV0nSGVl5di7d1+fz6murhYtEThnzm45jjQAACAASURBVGx4efWejQ8KChSW
jTKZTHj99Q3Cz9LTZ1p9juW+7NixE4cPm+tv+Pj49DgJGwhX7LdSWBaTqq2t7fPx1qZBWNe/RInl
Z6GwsAh79+6363mNjU1DYu6sPZKSRmH9+rV9JjmUnNwAxDFdrifK7tDvzJvXNWT19OlcfPjhZmF+
taenJ2bPvtDhv3P69AuE2+XlFTh8ONPGo80qKytt/twZsUUOfcgVV/xKuG0ymfD22+/Z/dyKikrR
6L0pUyYhNDS0x+PksJ/2am9vx+rVfxL+dY4UtcVyKXoAaGvredwOGyYeYt/biLhOJpMJVVW2T9L7
xz2GkDBuO87o0SmiOhnffvt9v76gHj9+QrRtbalP+R77/T8etmz5Ubi9ePFCRzZGZux/b+Ryzu2s
uG0vxSU4LIe5OmsJNblZseK+HtWL+3LxxRchOLhrJZbXX99gc96zyWTCq6/+A21tXZVz7SnwMnPm
dOF25/KDKpWq19EYo0aNRFSUeVjbzp27hSUJp02b4pBg6ar9VoLIyK6O7ciRbNHa2N2dPp3bY3SQ
yWR9SKeXl7hIVWur7QB02WWLRaN5XnrpFdTU2M7K6nQ6PP747/HEE0/3a46oO+sryaH05AYgjun9
jXnO5G79zujRKaIrXf/5z3+F27NmzXDKEpsXX3yR6MT9n/98w+YV87KyMrz55iabr+mM2CKHPmTM
mNGiedM//7wNn3/+ZZ/P0+v1WLfuJVER15tuusHqY+Wwn/YKCgoUTdP7/vstfRaqPXOmawSjSqVC
SEjPJE/3aVi7du3p8RhLX3/9bY8vkIPR375Urhi3HcfPzw9LllwmbGdnH8WmTW/bleRoaWnBG29s
FN03bdrUHo+T67Hf3+Ohra1NSHB4e3tj9ux0h7dJLvrz3sjlnNtZcdteiktwBAR0zSVtbJTPEkXO
FB4ehnvuuatfz/H29saDD94vbJeUlOLxx59CSUlpj8c2NzfjhRfWCVWIAeCqq35jV2Ezy+ViO02a
NBHDhg3r9TmWw287WdbzGAxX7bcSWGZx29ra8Oc//7XHFdHm5mZ89NEneOCBlT06uN6GdKrVagQF
BQnbu3btsRm0goICcccdXauzVFVVY+XKR3udW3r8+Ancfff9OHHiJA4ePIQ1a9b3vpNDTG9JDndI
bgDimG4Z66Xmjv2O5dUuy5Nny+krjhQYGIgbb7xe2D5zJg9PP/1HVFWJ54ibTCYcOHAQ9923Es3N
tt9rZ8QWufQhK1bcKxp58corr+GVV15DTY310XhnzuThiSeewsGDh4T7LrtsUa8jI+Wyn/a6/vql
wu28vHz88Y9/ttpWo9GIbdsy8P77Hwj3zZo1w+oX74CAANH788UXX+GLL77qUa+hoaEBmza9bdcU
4f7ob18qV4zbjnXzzTchNnaEsP3++x/i4YcfxS+/ZFqtJWIymZCdfRQPPviIcKERAObOnYPExIQe
j5frsd/f42HXrj1CH3HJJXP7teSt0vTnvZHTObcz4ra9FFdq1t+/6wPc0NAkYUtca9GiBdi6dRsO
HfrF7udceOEsLF16FTZv/gQAcOLESSxbdgumTp2MkSNHQqPRoLS0FLt27RFlA9PSxuG2235n1+9I
ShqFkJBgYSUUAEhPn2XzObNmzcB//vOh6L7BLA/bnSv229nKyyswf/7ifj/vu+++FIr0XHbZInzy
yecoKysDABw7dhw33HAzUlKSERISjIqKShQVFQtXUdVqtShg2sr4Tpp0vjBc8fjxE7jxxt9hwoQ0
tLa2YtGihZg+XZywuuKKX+HkyRxh1Z2zZ8/i3ntXIDV1DNLSxsHPzw91dXU4evSYaBpWSEgw7r//
nn6/D+6sM8mxcuUjaG7WuU1yAxDHdMtYLzV37HfmzLkIGza8JUpuBAQEYOrUKU77nUuXXo3du/ci
J+cUAODgwUO47robMWnSRERFRUGn0+HUqVyh5kT3mGSNM2KLHPqQgIAArFv3PFatelxIAn3++Zf4
4ouvMG7cWERFRcLHxxsNDY3IyTktxHnLttx33902f4cc9tNeF188B7t27RGWMt61aw927dqD8ePT
kJQ0Cv7+fqiurkFW1lFRzRJvb2/cfnvvy59ff/21+P3v/wDA/EXx5ZdfxebNH2Ps2FR4enqisrIK
2dlHnZZ46G9fKkeM247l7++Pl15ai8ceewq5ueaYlZmZhczMLAQFBWLMmDEICwuFSgXU1dXj5Mmc
[...]
Dh8+CiD7+g4JuYAOHdoVuG9Q0GHDv7t06YSQkIu4fPnKk/eOmBRw5K7X0b59weclyzp37rxk1I+3
d3VMnfppocKNHKYEaURERET0v6Ns3z2VUXq9HsePn8CePftw/vwFpKWlGd7z8qqKgIA26N37BXh7
V5ftGxsbh7feGmZ43aNHN3z22acAgNOnz2DLlr9w/vwFw5Nte3t7NG7cEHPmzCwTQcelS5dx/PhJ
nDx5ClFR0YbQQaVSoWXLFujduyfatQuQ9HX+/EWSefbu7m5Yvvx7eHh4FHg+URQxe/ZcHDz4tFZD
gwb18f33i2XbajQaHDx4CCdOnMS5cyGS74u7uxtat26Fdu2yCxbm91muXr0W//yz3fBarbbFrl3b
89weAH76aSV27frP8NrJyQn//LMFAPDo0SMsXPgt7t+/j3v3YiThCQBs27YD27btkB3zxx+Xonbt
Wvmetyxo1y7AEHAAwKlTwQUGHMnJyQgOPm143bZtG7i4uBgCjuxpKulwcHDI9zgnTpySvG7dumVh
u0+lSBRFrFnzi6Rt6tTJsLOzs1CPiIiIiOh5woCjkGJj4zB79lzJ8OpnRUVFY/PmP/HHH3+hf/9+
eO+9d/J9Mrlv3wGMGfM+Vqz4WXKDnCMjIwP37sVYPNy4ffsOliz5wVDYLzetVosTJ07ixImTaNmy
Ob74YirKlct+ujpwYKAk4EhISMT69Rvx8cfjCjzvmTNnJeFGzvFyCwo6jB9/XGF0JETOOXft+g+7
dv0HPz8/TJgwFnXr1inw/OaQkZGJ48dPlMq5LKFlyxYQBMGwAsbRo8fx8cfjZAUin3XixClDOObh
4YE6dWrD1dUVy5b9BADIyspCcPAZdO6c9yiOzMxMnD79tMBovXp18xw1M2nSFMM12KlTR0yfPi3P
42o0Ghw4EIQTJ07ixo2bSExMgoODAzw9PdCiRTN07tzJ5CKQV69ew/79B3HhwkXcv38fCoUSnp4e
aNOmFV58sQ8qVfI06Ti5PXz4EIcPH8WJE6cQHR2N+PgEODo6omrVKmjduiV69OgOT8+8A8R792IM
QWtg4Ev46KMxALIDiNOnz2Lv3n24eTMUcXEPYG9vD19fH3Tq1AEvvNCz0KOvnnXhwiXJ7842bVqV
iYKaplwfJfmZFeb6zPHw4UMcOXLMcA0kJCRArbaDh0dFNG3aBB07tkf9+vXy3N+c1zkRERFRWcGA
oxCSkh7h448/NalIpCiK2Lp1G27eDMWiRfPyfEIpiiLGjZuIiIjIPI9l6T8yd+7cje++WypZzjM/
p0+fxbRp07F48QIolUq0bt0KlStXktSe2Lt3H959dwScnJzyPdazQ9kBwM3NDe3atZW0rV37C375
ZYOJXw0QFhaGceMmYtq0ySZNgygutdq2xM9hSa6uLmjcuBFCQi4AyB6dcf36DdSrVzfPfQ4efLqs
Z7duXSAIAipXroS6devg2rXrALJXU8kv4Lhw4SKysrIMrzt27FDcLwWXL1/BnDnzZCvdJCcnIzk5
GaGhYdi4cTO6du2McePG5jlFIiUlFUuXLsO+fQdk76WmpuLWrXBs2fIXxo4dU6j+6XQ6bNiwCRs3
bjLUPcmRlJSEpKQkXLlyFb/8sgFvvPEahgx5K9+gCcgOBz/6aAyio+/hm2++RUjIRcn7Go0G586d
x7lz5/HXX1sxb96cfMOT/Bw+fETyOjDwpSIdx9JK8zPLLb9rQKN5jOTkZISF3cIff/yJNm1aYeLE
8bLgz1zXOREREVFZw4CjENasWScLN5RKJWrW9IWHR0UkJCTixo2bkloRLi4uBQ6/zi/cAIBGjRoW
vdPFFB5+G4sWfStrt7GxQZ06teHs7IT792MRHn7b8AQfyJ7K8s8/2zFwYCAUCgUGDgw0PJ0Hsv8Q
37t3v9HRGDni4+Nx5MgxSVtgYD/J09B//91lNNxQq21Ru3ZtODmVQ0JCIq5fvyHpn1arxezZ81Cp
UqUSnwbi5uaGsWNH49KlyxBFEYcOSW/yvLy8ULOmr2y/4hbLzMrKwr59BxAUdAhhYeFIT09DxYrZ
T2d79+5l1uCsY8f2hoADyJ5ulVfAkZT0SFI749klYbt27WwIOI4dO4G0tLQ8P4fcK7C0adOqyP0H
gLCwW5g06TNoNE9rqXh6ejyZaibg1q1wxMfHAwAOHAjC48ePMXPmdNlxkpOTMWnSZwgNDZO0+/nV
hIeHB1JTUxEWFob09AwsWvRtgSFfjszMTMycOUfydatUKtSq5Q93dzdkZGTi5s1QpKSkQKvV4pdf
NiAqKhrTpk3JdwRYUlISzp8PwYwZs5CSkgoA8PGpgUqVKiEjIx1XrlwzBEkREZGYMmUafvrphyLV
zDhz5un3XRCEfEcYlGWl+Zk9S6PRYNasubIRYV5eVVG1alUoFApERkYiOvoegOyfkTFjxmH16pWG
VYnMdZ0TERERlUXPXcCxdOlyrFmzrtD7RUVF5/t+RkYGdu/eI2mrU6c2vvxymmSYeWJiIvbu3Y+/
/toKpVKFceM+NLkPdevWwTvvDIefnx/s7NSIisoedty4caPCfTFm5Ovrgx49umHv3v0Asp/Wv/32
m+jRo5thCgoAhIaG4fPPp0umiGzevAWBgS9BoVCgZ88e+PnnNZI/qrdu3YYBA/rnefO1Z88+SSgh
CAJ69+5leB0bG4fvv18m2UcQBIwaNRKBgS9JbiaSkpKwatVayYgQnU6H2bPnYs2alSVezHPAgP4Y
MKA/9Ho9Dh3qLXmvffsAjBo10qznCw0Nw4wZs2WBXFRUFKKiorB16zb07dsHY8a8X+ybLkBe++Lo
0eMYOvRto9seP37C8H319PRArVr+hvcCAtoagjCtVovg4DPo0qWT7BiiKOLo0afLw1ar5oXq1asV
62v44YcfDdenm5sbpk2bjGbNni45K4oirly5ij///BunTp3Gm2++bvQ4ixcvkYQbPXp0w8iRw+Hh
UdHQptFosG/fASxb9hNSUlJM7l9OuGFnZ4dRo0aiV68esLd/upyuXq/H0aPH8d13S5GUlIQDB4JQ
v369Apfu/fTTqdDpdOjT5wUMHvwqvLyqGt5LSUnFDz8sN/wOiIiIxK5d/xV69EVGRobk92ytWv5W
veJNaXxmuS1fvkISbrRo0Rzvv/8ufH19JNtdv34D69dvxPHjJ/Dii70lSy6b6zonIiIiKoueu4DD
lOkjRREdfU8yHB4APvhglGwOvZubG1599WW88sogADC5dkaTJo0wf/7XktEJPj414ONTo5g9L76J
E8ejfv160Gq16NGjm9Enzv7+fhg5cjjmzVtoaIuLe4CIiEj4+NSAk1M59O7dC1u3bjO8HxUVjXPn
zqN582ay4+n1elnhzS5dOktWM/nzz79l35NPPpkgCUFyuLq64uOPx0Gn00mCqujoezhy5JjRm2hr
FRoaho8+miAbvp7bjh07ERcXh9mzvyp2wFO5cmX4+vogPPw2AODWrXDExcUZLST7bE2Vbt26Sn5G
KleuhDp1auP69RsAgKCgQ0a/N2FhtwxPmQGgU6fiTU95+PChpL7M1KnSmz4g+2e5QYP6aNCgPkRR
NPqzfepUsKTgamDgSxg7drRsW7VajRdf7I0aNbwxYcKkAqd/nTlzFjt37gaQPWpswYKv0aBBfdl2
CoUCHTu2h7d3dbz//hhoNI+xbt169OrVU3KTm5sgCJg+fZrRKVtOTuUwadLHuHUr3PD93bFjZ6Fv
1nPXx6lYsWIeW1qH0vjMnnXx4iVs3/6v4XXXrp0xdepko1OQ6tSpjdmzZyA2Nk4SrJnrOiciIiIq
qwQAYoFbERERERERERGVYflXnyMiIiIiIiIisgIMOIiIiIiIiIjI6jHgICIiIiIiIiKrx4CDiIiI
iIiIiKweAw4iIiIiIiIisnoMOIiIiIiIiIjI6jHgICIiIiIiIiKrx4CDiIiIiIiIiKweAw4iIiIi
IiIisnoMOIiIiIiIiIjI6jHgICIiIiIiIiKrx4CDiIiIiIiIiKweAw4iIiIiIiIisnoMOIiIiIiI
iIjI6jHgICIiIiIiIiKrx4CDiIiIiIiIiKweAw4iIiIiIiIisnoMOIiIiIiIiIjI6jHgICIiIiIi
IiKrx4CDiIiIiIiIiKweAw4iIiIiIiIisnoMOIiIiIiIiIjI6jHgICIiIiIiIiKrx4CDiIiIiIiI
iKweAw4iIiIiIiIisnoMOIiIiIiIiIjI6jHgICIiIiIiIiKrx4CDiIiIiIiIiKweAw4iIiIiIiIi
snoMOIiIiIiIiIjI6jHgICIiIiIiIiKrx4CDiIiIiIiIiKweAw4iIiIiIiIisnoMOIiIiIiIiIjI
6qks3QEiIiJ6ftjZ2aFWrVpwcXGBWq1GpUqVAAAuLi549OgRAOD+/fvQaDR49OgRbt68iczMTEt2
mYiIiJ4TAgDR0p0gIiIi6+Xq6gp/f380atQInp6ehd4/NjYWFy9eRGhoKJKSkkqgh0RERPS/gAEH
ERERFYmrqyvat2+PRo0ame2YFy9exNGjRxl0EJHVq1WrFvr16we1Wo3IyEhs2bKFI9aIShgDDiIi
IioUOzs7tGzZEh06dCixcxw5cgSnT5/mzQARWaXu3bujVatWkrbY2FisWrXKQj0i+t/AgIOIiIhM
5unpibfeegtqtbrEz/Xo0SNs2bIFsbGxJX4uIiJzsLOzQ9++fVGrVi2j72/ZsgU3b94s5V4R/e9Q
Aphh6U4QERFR2deoUSMMGDCgVMINIPtGoX79+oiPj0d8fHypnJOIqKg8PT3x8ssvw9vbO89t7t27
h+jo6FLsFdH/Fo7gICoEtVqNLl26oGbNmnBxcbF0d0yi1Wpx7949HDt2DLdv37Z0d4jISnXo0KFQ
U1JCQ0MNq6U8OwLD09PTsLqKv7+/ycfbu3cvTp8+Xag+ExGVFm9vb7z88sv5BsAajQarVq1ijSGi
EsSAg6gQunTpgrZt21q6G0Wi0WiwfPlyZGRkWLorRGRlTA03QkNDceHChUINv65VqxYaN25sUtix
b98+BAcHm3xsIqLS0LJlS/To0SPfbTQaDdavX88pd0QlTGXpDhBZk5o1a1q6C0WmVqvh4eGBiIgI
S3eFiKxIo0aNCgw3IiMjceTIkSL9frl58yZu3rwJb29vdOjQAdWrV89z2+7duyMpKYnz14mozOjb
t2+BK0nFxcVh/fr1LJpMVAoYcBAVgrVMS8mLtfefiEqXp6dngU8ld+zYgYsXLxb7XBEREYiIiECj
Ro3Qt2/fPLfr168fn4ISkcXZ2dnhzTffhKenZ77bXbp0CXv37mW4QVRKFJbuAJE1CQsLs3QXiuXu
3buW7gIRWQk7O7t8V0vRaDTYsGGDWcKNZ128eBEbNmyARqMx+r5arcagQYNgZ2dn1vMSEZnK09MT
o0ePLjDc2LdvH7Zv385wg6gUcRUVokJ48OAB/r+9+/mJq2z7AH7pQ8Kk/hgSTMdo0hGwY9KGSTSB
6AITEtjBjtgF7NzpP/H8F67cYWIMC5LBjWUlMRpYqJC0ERRkTKmMNjIqCWMned+Fb3nVcoYfhTNz
6ueznHNnzrXp6fA9133dfX19cenSpXaXcirNZjM+/fTT2NjYaHcpQEa88cYb0d/ff+S1B3vJL+ok
gHq9Hpubm3H9+vXo6nq42TSXy0Wz2YxqtXoh9wdI8uA0qVYha6PRiPn5+XMPgIHjGTIKZ5DP56On
p6fdZZzI/fv3Y2dnp91lABnS09MT77zzTuL1Dz74IJV5PsViMaanp4+85jQCIG1jY2MxPDzcck2t
VotKpWIbHbSJgAMA+JvJyckYHBw88tp5zdw4qVYzOdbW1qJSqaRWC/DvlMvlYmJiIkqlUst11Wo1
5ubmbEmBNjKDAwA41NPTkxhuVKvV1FuuV1dXE7eiDA4OZqabDsimQqEQ09PTx4YbKysrTkqBDiDg
AAAOtfoRv7S0lGIlJ7vvcX90AJxVsViMmZmZY4eJLiwsxM2bN1OqCmhFwAEAHErq3tjY2Ehl7sZR
tre3E4ckl0qleOKJJ1KuCHjcDQ0NxfT0dOJJUhH/PwvIMFHoHA+PJgcA/pVyuVzim8qvv/465Woe
vv/Vq1cf+vzKlSvR3d2tLRw4NxMTE1Eul1uuqdVqtqRABxJwAAAR0Xq7x/r6eoqVnO7+r7zyStsD
GCD7crlcTE9PH7slZW1tLW7evCncgA4k4AAAIuLPI7CPkrQ9JG0bGxtHdnE8++yzbagGeJwUCoWY
mZlpuSUlImJxcTGWl5dTqgo4LTM4AICIiMQTSX788ceUKzlaUh25XC7lSoDHSbFYPNG8jbm5OeEG
dDgdHHBKzzzzTPT19SW+6ew09+/fj7t377ZtOCCQHUnPtUajkXIlR0uq47h2coAkuVwuJiYmWgal
tVotKpVK7O7uplgZcBYCDjiFl156Kd56663o6sreP51vv/02Pvroo3aXAWRQp/yo75Q6gMdHqVRq
+dKqWq3G3NyceRuQEbaowCm8/vrrmQw3IiJefvnleOGFF9pdBtDBstKZBnBejnvuLS8vCzcgQwQc
cApZb4N+7rnn2l0C0MHq9Xq7SwBI1XEnRE1NTcXQ0FBK1QCPSsABp5D19uiff/653SUAGdQp4W6n
1AE8PnZ3d2Ntba3lmvHx8WPndACdQcABp/DFF19Es9lsdxlnsrW1FTs7O+0uA+hgSR0cxx2bmJak
OrIePgPtValUjg05yuVyTE9PCzmgw2VzmAC0yffffx/vvfdepk5RaTabcefOnahWq+0uBehwe3t7
R37+/PPPp1zJ0ZLqsD8eeFSVSiW2t7djYmIicU2hUIh33303ZmdnBavQoQQccEq//fZbrK6utrsM
gHOX1MFx9erVlCs5WlIdZocA52F1dTXq9XpMTU0ldox1d3fH22+/HQsLC34PQgeyRQUAiIjWw/ZK
pVKKlZzu/scNCQQ4qe3t7Xj//fejVqu1XDcxMRFjY2MpVQWclIADAIiIP7d6JP2oL5fLKVdzsvtX
q1VbVIBztbe3F7Ozs7GxsdFy3fDwcMzMzJjLAR3kPxHx33YXAQB0hq6urujv73/o897e3qhWq23Z
DlIsFmN0dPTIaysrK3Hnzp2UKwIed81mM27duhURfz6DkuTz+ejv74+dnZ3Y399PqzwggQ4OAOBQ
q+0eIyMjKVZysvvangJcpKWlpfj444+j0WgkrikUCjE9Pd32rXyADg4A4C8ODg6ip6cnCoXCQ9fy
+XzU6/VUTw8ol8sxNDR05LW1tTVD/oALt7u7G1tbW9Hf35+4HaWrqyuuXbsWBwcHsbOzk3KFwAMC
DgDgb2q1WmKoUCqVUtuqUiwWY2pq6shrjUYj5ufnzd8AUvH777/H2tpaDAwMxFNPPZW4bmBgIPL5
fFSr1Wg2mylWCEQIOACAf3gQGiTtOy+VSrG5uXmh+80LhULcuHEjurqOPtH+888/tz0FSFWz2Ywv
v/wyscvtgUKhEH19fXH79m0hB6RMwAEAPKRWq8W1a9eObMfu6uqK69evx87OzoV0chSLxbhx40Zi
K3i9Xo+FhQV/OABtsb6+Hr/++mvLmRtPP/10vPrqqxceBgN/90RE/E+7i4Cs6O7ujtHR0cP2wyxo
Npuxs7MTn332WWxtbbW7HCBDCoVCzMzMRHd3d+KahYWFc52DMTQ0FOPj44nXG41GzM7OpjoHBOAo
D7bRtXpGRpz/cxJIpoMDTuHNN9+M4eHhTJ13/uSTT0Y+n49SqRRfffWVN57Aie3v78f+/n7Lt5Sl
UimKxWLU6/VH6uYoFosxOTkZr732Wst18/PzUa1Wz3wfgPNSr9fj9u3bUSwWW87lKJVK0d3dHZub
mylWB/9OAg44hbGxsZb/gXWyrq6uqFar8csvv7S7FCBDHnRKJM3jiPjzdJVyuRyFQiGazWbcu3fv
xN9fKpVidHQ0RkdHj+2MW1xc9BYU6CgHBwdx69at6O3tjd7e3sR1L774YuTzebOD4IIdPbkLAOD/
LC0tRUTEyMhIy3WlUumw22N9fT12d3fj4OAgarXa4ZrLly9HLpeLQqHQsjPknxYXF2N5efkM1QNc
rIODg5ibm4uRkZGWz8lyuRwbGxvxzTffpFgd/LsIOOAUvvvuu7h8+XK7yziTP/74w7nswJktLS3F
7u5uTE5OHrvfPOLvYcejaDQaUalUvPUEOt7S0lLU6/UYHx9PfE5mZYYbZJUtKnAKd+/ejVwuF5cu
XcrMHI5msxk//PBDfPLJJ/HTTz+1uxwgw+7duxebm5sxMDCQyjOwXq/Hhx9+aOYGkBm7u7uJz8lG
oxGLi4uHR3ED588pKgDAqeRyuRgaGorh4eETdXOcVqPRiOXl5VhZWfGHAJBJuVwupqam4sqVK4ef
OU0FLp6AAwA4k56enhgZGYnBwcFz+861tbVYWlqKvb29c/tOgHYpl8uHw0Udbw0XT8ABADySnp6e
w5kbf31beVLVajXW19djfX1dsAEAnJmAAwA4N7lcLkqlUuTz+cPTUv7pwekq9Xo91tfXbUMBAM6F
gAMAAADIvCfbXQAAAADAoxJwAAAAAJkn4AAAAAAyT8ABAAAAZJ6AAwAAAMg8AQcAAACQeQIOAAAA
IPMEHAAAAEDmCTgAAACAzBNwAAAAAJkn4AAAAAAyT8ABAAAAZJ6AAwAAAMg8AQcAAACQeQIOAAAA
IPMEHAAAAEDmCTgAAACAzBNwAAAAAJkn4AAAAAAyT8ABAAAAZJ6AAwAAAMg8AQcAAACQeQIOAAAA
IPMEHAAAAEDmCTgAAACAzBNwAAAAAJkn4AAAAAAyT8ABAAAAZJ6AAwAAAMg8AQcAAACQeQIOAAAA
IPMEHAAAAEDmCTgAAACAzPtfNmdSVMXpf70AAAAASUVORK5CYII=
" width="800px"&gt;</msg>
<doc>Takes a screenshot of the current page and embeds it into the log.</doc>
<status status="PASS" start="2024-07-02T14:56:57.869705" elapsed="0.755905"/>
</kw>
<msg time="2024-07-02T14:56:58.625679" level="INFO">criteria is com.practo.fabric:id/layout_item_listing_doctor_card_info
criteria is com.practo.fabric:id/layout_item_listing_doctor_card_info
criteria is com.practo.fabric:id/layout_item_listing_doctor_card_info
criteria is com.practo.fabric:id/layout_item_listing_doctor_card_info
criteria is com.practo.fabric:id/layout_item_listing_doctor_card_info</msg>
<msg time="2024-07-02T14:56:58.625859" level="FAIL">StaleElementReferenceException: Message: Cached elements 'By.id: com.practo.fabric:id/layout_item_listing_doctor_card_info' do not exist in DOM anymore; For documentation on this error, please visit: https://www.selenium.dev/documentation/webdriver/troubleshooting/errors#stale-element-reference-exception
Stacktrace:
io.appium.uiautomator2.common.exceptions.StaleElementReferenceException: Cached elements 'By.id: com.practo.fabric:id/layout_item_listing_doctor_card_info' do not exist in DOM anymore
	at io.appium.uiautomator2.model.ElementsCache.restore(ElementsCache.java:78)
	at io.appium.uiautomator2.model.ElementsCache.get(ElementsCache.java:153)
	at io.appium.uiautomator2.handler.GetElementAttribute.safeHandle(GetElementAttribute.java:23)
	at io.appium.uiautomator2.handler.request.SafeRequestHandler.handle(SafeRequestHandler.java:59)
	at io.appium.uiautomator2.server.AppiumServlet.handleRequest(AppiumServlet.java:266)
	at io.appium.uiautomator2.server.AppiumServlet.handleHttpRequest(AppiumServlet.java:260)
	at io.appium.uiautomator2.http.ServerHandler.channelRead(ServerHandler.java:68)
	at io.netty.channel.AbstractChannelHandlerContext.invokeChannelRead(AbstractChannelHandlerContext.java:366)
	at io.netty.channel.AbstractChannelHandlerContext.invokeChannelRead(AbstractChannelHandlerContext.java:352)
	at io.netty.channel.AbstractChannelHandlerContext.fireChannelRead(AbstractChannelHandlerContext.java:345)
	at io.netty.handler.codec.MessageToMessageDecoder.channelRead(MessageToMessageDecoder.java:102)
	at io.netty.channel.AbstractChannelHandlerContext.invokeChannelRead(AbstractChannelHandlerContext.java:366)
	at io.netty.channel.AbstractChannelHandlerContext.invokeChannelRead(AbstractChannelHandlerContext.java:352)
	at io.netty.channel.AbstractChannelHandlerContext.fireChannelRead(AbstractChannelHandlerContext.java:345)
	at io.netty.channel.CombinedChannelDuplexHandler$DelegatingChannelHandlerContext.fireChannelRead(CombinedChannelDuplexHandler.java:435)
	at io.netty.handler.codec.ByteToMessageDecoder.fireChannelRead(ByteToMessageDecoder.java:293)
	at io.netty.handler.codec.ByteToMessageDecoder.channelRead(ByteToMessageDecoder.java:267)
	at io.netty.channel.CombinedChannelDuplexHandler.channelRead(CombinedChannelDuplexHandler.java:250)
	at io.netty.channel.AbstractChannelHandlerContext.invokeChannelRead(AbstractChannelHandlerContext.java:366)
	at io.netty.channel.AbstractChannelHandlerContext.invokeChannelRead(AbstractChannelHandlerContext.java:352)
	at io.netty.channel.AbstractChannelHandlerContext.fireChannelRead(AbstractChannelHandlerContext.java:345)
	at io.netty.handler.timeout.IdleStateHandler.channelRead(IdleStateHandler.java:266)
	at io.netty.channel.AbstractChannelHandlerContext.invokeChannelRead(AbstractChannelHandlerContext.java:366)
	at io.netty.channel.AbstractChannelHandlerContext.invokeChannelRead(AbstractChannelHandlerContext.java:352)
	at io.netty.channel.AbstractChannelHandlerContext.fireChannelRead(AbstractChannelHandlerContext.java:345)
	at io.netty.channel.DefaultChannelPipeline$HeadContext.channelRead(DefaultChannelPipeline.java:1294)
	at io.netty.channel.AbstractChannelHandlerContext.invokeChannelRead(AbstractChannelHandlerContext.java:366)
	at io.netty.channel.AbstractChannelHandlerContext.invokeChannelRead(AbstractChannelHandlerContext.java:352)
	at io.netty.channel.DefaultChannelPipeline.fireChannelRead(DefaultChannelPipeline.java:911)
	at io.netty.channel.nio.AbstractNioByteChannel$NioByteUnsafe.read(AbstractNioByteChannel.java:131)
	at io.netty.channel.nio.NioEventLoop.processSelectedKey(NioEventLoop.java:611)
	at io.netty.channel.nio.NioEventLoop.processSelectedKeysOptimized(NioEventLoop.java:552)
	at io.netty.channel.nio.NioEventLoop.processSelectedKeys(NioEventLoop.java:466)
	at io.netty.channel.nio.NioEventLoop.run(NioEventLoop.java:438)
	at io.netty.util.concurrent.SingleThreadEventExecutor$2.run(SingleThreadEventExecutor.java:140)
	at io.netty.util.concurrent.DefaultThreadFactory$DefaultRunnableDecorator.run(DefaultThreadFactory.java:144)
	at java.lang.Thread.run(Thread.java:1012)
</msg>
<arg>com.practo.fabric:id/layout_item_listing_doctor_card_info</arg>
<arg>10</arg>
<doc>Waits until element specified with `locator` is visible.</doc>
<status status="FAIL" start="2024-07-02T14:56:53.811431" elapsed="4.818359">StaleElementReferenceException: Message: Cached elements 'By.id: com.practo.fabric:id/layout_item_listing_doctor_card_info' do not exist in DOM anymore; For documentation on this error, please visit: https://www.selenium.dev/documentation/webdriver/troubleshooting/errors#stale-element-reference-exception
Stacktrace:
io.appium.uiautomator2.common.exceptions.StaleElementReferenceException: Cached elements 'By.id: com.practo.fabric:id/layout_item_listing_doctor_card_info' do not exist in DOM anymore
	at io.appium.uiautomator2.model.ElementsCache.restore(ElementsCache.java:78)
	at io.appium.uiautomator2.model.ElementsCache.get(ElementsCache.java:153)
	at io.appium.uiautomator2.handler.GetElementAttribute.safeHandle(GetElementAttribute.java:23)
	at io.appium.uiautomator2.handler.request.SafeRequestHandler.handle(SafeRequestHandler.java:59)
	at io.appium.uiautomator2.server.AppiumServlet.handleRequest(AppiumServlet.java:266)
	at io.appium.uiautomator2.server.AppiumServlet.handleHttpRequest(AppiumServlet.java:260)
	at io.appium.uiautomator2.http.ServerHandler.channelRead(ServerHandler.java:68)
    [ Message content over the limit has been removed. ]
	at io.netty.channel.AbstractChannelHandlerContext.invokeChannelRead(AbstractChannelHandlerContext.java:366)
	at io.netty.channel.AbstractChannelHandlerContext.invokeChannelRead(AbstractChannelHandlerContext.java:352)
	at io.netty.channel.DefaultChannelPipeline.fireChannelRead(DefaultChannelPipeline.java:911)
	at io.netty.channel.nio.AbstractNioByteChannel$NioByteUnsafe.read(AbstractNioByteChannel.java:131)
	at io.netty.channel.nio.NioEventLoop.processSelectedKey(NioEventLoop.java:611)
	at io.netty.channel.nio.NioEventLoop.processSelectedKeysOptimized(NioEventLoop.java:552)
	at io.netty.channel.nio.NioEventLoop.processSelectedKeys(NioEventLoop.java:466)
	at io.netty.channel.nio.NioEventLoop.run(NioEventLoop.java:438)
	at io.netty.util.concurrent.SingleThreadEventExecutor$2.run(SingleThreadEventExecutor.java:140)
	at io.netty.util.concurrent.DefaultThreadFactory$DefaultRunnableDecorator.run(DefaultThreadFactory.java:144)
	at java.lang.Thread.run(Thread.java:1012)</status>
</kw>
<kw name="Click Element" owner="AppiumLibrary">
<arg>com.practo.fabric:id/layout_item_listing_doctor_card_info</arg>
<doc>Click element identified by `locator`.</doc>
<status status="NOT RUN" start="2024-07-02T14:56:58.629995" elapsed="0.000030"/>
</kw>
<kw name="Wait Until Element Is Visible" owner="AppiumLibrary">
<arg>com.practo.fabric:id/text_view_all_slots</arg>
<arg>10</arg>
<doc>Waits until element specified with `locator` is visible.</doc>
<status status="NOT RUN" start="2024-07-02T14:56:58.630150" elapsed="0.000021"/>
</kw>
<kw name="Click Element" owner="AppiumLibrary">
<arg>com.practo.fabric:id/text_view_all_slots</arg>
<doc>Click element identified by `locator`.</doc>
<status status="NOT RUN" start="2024-07-02T14:56:58.630284" elapsed="0.000019"/>
</kw>
<kw name="Wait Until Element Is Visible" owner="AppiumLibrary">
<arg>com.practo.fabric:id/slot_info</arg>
<arg>10</arg>
<doc>Waits until element specified with `locator` is visible.</doc>
<status status="NOT RUN" start="2024-07-02T14:56:58.630413" elapsed="0.000018"/>
</kw>
<kw name="Click Element" owner="AppiumLibrary">
<arg>com.practo.fabric:id/slot_info</arg>
<doc>Click element identified by `locator`.</doc>
<status status="NOT RUN" start="2024-07-02T14:56:58.630539" elapsed="0.000061"/>
</kw>
<status status="FAIL" start="2024-07-02T14:56:15.659325" elapsed="42.971645">StaleElementReferenceException: Message: Cached elements 'By.id: com.practo.fabric:id/layout_item_listing_doctor_card_info' do not exist in DOM anymore; For documentation on this error, please visit: https://www.selenium.dev/documentation/webdriver/troubleshooting/errors#stale-element-reference-exception
Stacktrace:
io.appium.uiautomator2.common.exceptions.StaleElementReferenceException: Cached elements 'By.id: com.practo.fabric:id/layout_item_listing_doctor_card_info' do not exist in DOM anymore
	at io.appium.uiautomator2.model.ElementsCache.restore(ElementsCache.java:78)
	at io.appium.uiautomator2.model.ElementsCache.get(ElementsCache.java:153)
	at io.appium.uiautomator2.handler.GetElementAttribute.safeHandle(GetElementAttribute.java:23)
	at io.appium.uiautomator2.handler.request.SafeRequestHandler.handle(SafeRequestHandler.java:59)
	at io.appium.uiautomator2.server.AppiumServlet.handleRequest(AppiumServlet.java:266)
	at io.appium.uiautomator2.server.AppiumServlet.handleHttpRequest(AppiumServlet.java:260)
	at io.appium.uiautomator2.http.ServerHandler.channelRead(ServerHandler.java:68)
    [ Message content over the limit has been removed. ]
	at io.netty.channel.AbstractChannelHandlerContext.invokeChannelRead(AbstractChannelHandlerContext.java:366)
	at io.netty.channel.AbstractChannelHandlerContext.invokeChannelRead(AbstractChannelHandlerContext.java:352)
	at io.netty.channel.DefaultChannelPipeline.fireChannelRead(DefaultChannelPipeline.java:911)
	at io.netty.channel.nio.AbstractNioByteChannel$NioByteUnsafe.read(AbstractNioByteChannel.java:131)
	at io.netty.channel.nio.NioEventLoop.processSelectedKey(NioEventLoop.java:611)
	at io.netty.channel.nio.NioEventLoop.processSelectedKeysOptimized(NioEventLoop.java:552)
	at io.netty.channel.nio.NioEventLoop.processSelectedKeys(NioEventLoop.java:466)
	at io.netty.channel.nio.NioEventLoop.run(NioEventLoop.java:438)
	at io.netty.util.concurrent.SingleThreadEventExecutor$2.run(SingleThreadEventExecutor.java:140)
	at io.netty.util.concurrent.DefaultThreadFactory$DefaultRunnableDecorator.run(DefaultThreadFactory.java:144)
	at java.lang.Thread.run(Thread.java:1012)</status>
</test>
<status status="FAIL" start="2024-07-02T14:56:15.538516" elapsed="43.093578"/>
</suite>
<statistics>
<total>
<stat pass="0" fail="1" skip="0">All Tests</stat>
</total>
<tag>
</tag>
<suite>
<stat pass="0" fail="1" skip="0" id="s1" name="Robo Tests1">Robo Tests1</stat>
</suite>
</statistics>
<errors>
</errors>
</robot>
